#
# A fatal error has been detected by the Java Runtime Environment:
#
#  EXCEPTION_ACCESS_VIOLATION (0xc0000005) at pc=0x0000000078ce76e6, pid=9140, tid=6068
#
# JRE version: 6.0_17-b04
# Java VM: Java HotSpot(TM) 64-Bit Server VM (14.3-b01 mixed mode windows-amd64 )
# Problematic frame:
# V  [jvm.dll+0x4776e6]
#
# If you would like to submit a bug report, please visit:
#   http://java.sun.com/webapps/bugreport/crash.jsp
#

---------------  T H R E A D  ---------------

Current thread (0x000000006b353000):  JavaThread "Main message loop" daemon [_thread_in_vm, id=6068, stack(0x0000000022ba0000,0x0000000022c20000)]

siginfo: ExceptionCode=0xc0000005, writing address 0x000007fef1c0fff8

Registers:
EAX=0x000000006b353000, EBX=0x000000006b353000, ECX=0x000000000000002e, EDX=0x0000000022c0d5c8
ESP=0x0000000022c0d4c0, EBP=0x0000000022c0d588, ESI=0x000007fef1c0fff8, EDI=0x11cf98b53050f1ff
EIP=0x0000000078ce76e6, EFLAGS=0x0000000000010246

Top of Stack: (sp=0x0000000022c0d4c0)
0x0000000022c0d4c0:   00000000000000b9 000000006b353000
0x0000000022c0d4d0:   0000000022c0d788 000000007895004e
0x0000000022c0d4e0:   0000000030345969 0000000184d1c6e8
0x0000000022c0d4f0:   00000001800fdba8 0000000030351588
0x0000000022c0d500:   000000007a8dbd30 0000000078a62f28
0x0000000022c0d510:   0000000065a061d0 0000000065a061f0
0x0000000022c0d520:   0000000065a061f8 0000000065a06210
0x0000000022c0d530:   00000000fffffffc 000000006b353000
0x0000000022c0d540:   000000006b353000 0000000022c0d548
0x0000000022c0d550:   0000000000000000 0000000022c0d5c8
0x0000000022c0d560:   0000000180100b78 0000000000000000
0x0000000022c0d570:   00000001800fdba8 0000000000000000
0x0000000022c0d580:   0000000022c0d5a8 0000000022c0d610
0x0000000022c0d590:   0000000030345ac2 0000000000000000
0x0000000022c0d5a0:   000000003034de58 11cf98b53050f1ff
0x0000000022c0d5b0:   0000000000000000 000007fef1c0fff8 

Instructions: (pc=0x0000000078ce76e6)
0x0000000078ce76d6:   7c 02 00 40 f6 c6 07 c6 80 3c 02 00 00 01 75 05
0x0000000078ce76e6:   48 89 3e eb 09 89 3e 48 c1 ef 20 89 7e 04 c6 80 


Stack: [0x0000000022ba0000,0x0000000022c20000],  sp=0x0000000022c0d4c0,  free space=437k
Native frames: (J=compiled Java code, j=interpreted, Vv=VM code, C=native code)
V  [jvm.dll+0x4776e6]
j  java.nio.DirectByteBuffer.putLong(JJ)Ljava/nio/ByteBuffer;+30
j  java.nio.DirectByteBuffer.putLong(IJ)Ljava/nio/ByteBuffer;+13
j  com.jniwrapper.g.writePointer(IJ)V+15
j  com.jniwrapper.win32.automation.types.SafeArray.setHandle(J)V+9
j  com.jniwrapper.win32.automation.types.SafeArray.a(J)V+8
j  com.jniwrapper.win32.automation.types.SafeArray.acceptIOPerformer(Lcom/jniwrapper/IOPerformer;Lcom/jniwrapper/DataBuffer;IZZ)V+21
J  com.jniwrapper.Pointer.readReferencedObject(Z)V
j  com.jniwrapper.win32.automation.types.Variant.b(Lcom/jniwrapper/DataBuffer;IZILcom/jniwrapper/Parameter;)V+61
j  com.jniwrapper.win32.automation.types.Variant.read(Lcom/jniwrapper/DataBuffer;IZ)V+35
j  com.jniwrapper.win32.automation.types.Variant.acceptIOPerformer(Lcom/jniwrapper/IOPerformer;Lcom/jniwrapper/DataBuffer;IZZ)V+21

Java frames: (J=compiled Java code, j=interpreted, Vv=VM code)
j  sun.misc.Unsafe.putLong(JJ)V+0
j  java.nio.DirectByteBuffer.putLong(JJ)Ljava/nio/ByteBuffer;+30
j  java.nio.DirectByteBuffer.putLong(IJ)Ljava/nio/ByteBuffer;+13
j  com.jniwrapper.g.writePointer(IJ)V+15
j  com.jniwrapper.win32.automation.types.SafeArray.setHandle(J)V+9
j  com.jniwrapper.win32.automation.types.SafeArray.a(J)V+8
j  com.jniwrapper.win32.automation.types.SafeArray.acceptIOPerformer(Lcom/jniwrapper/IOPerformer;Lcom/jniwrapper/DataBuffer;IZZ)V+21
J  com.jniwrapper.Pointer.readReferencedObject(Z)V
j  com.jniwrapper.Pointer.read(Lcom/jniwrapper/DataBuffer;IZ)V+21
j  com.jniwrapper.win32.automation.types.Variant.b(Lcom/jniwrapper/DataBuffer;IZILcom/jniwrapper/Parameter;)V+61
j  com.jniwrapper.win32.automation.types.Variant.read(Lcom/jniwrapper/DataBuffer;IZ)V+35
j  com.jniwrapper.win32.automation.types.Variant.acceptIOPerformer(Lcom/jniwrapper/IOPerformer;Lcom/jniwrapper/DataBuffer;IZZ)V+21
J  com.jniwrapper.Pointer.pop(Lcom/jniwrapper/DataBuffer;IZ)V
J  com.jniwrapper.Parameter.b(Lcom/jniwrapper/DataBuffer;IZ)V
J  com.jniwrapper.Callback.enterPoint(JI)J
v  ~StubRoutines::call_stub
j  com.jniwrapper.Function.invokeCFunc(JJB[BII[II)I+0
J  com.jniwrapper.FunctionCall.a(ZJJJIBLcom/jniwrapper/Parameter;[Lcom/jniwrapper/Parameter;)J
J  com.jniwrapper.FunctionCall.call(JJBLcom/jniwrapper/Parameter;[Lcom/jniwrapper/Parameter;)J
j  com.jniwrapper.Function.invoke(Lcom/jniwrapper/Parameter;[Lcom/jniwrapper/Parameter;)J+24
j  com.jniwrapper.Function.invoke(Lcom/jniwrapper/Parameter;Lcom/jniwrapper/Parameter;)J+10
j  com.jniwrapper.win32.MessageLoopThread$LoopThread.run()V+299
v  ~StubRoutines::call_stub

---------------  P R O C E S S  ---------------

Java Threads: ( => current thread )
  0x000000006b353800 JavaThread "Timer-1384" daemon [_thread_blocked, id=2760, stack(0x00000000660f0000,0x0000000066170000)]
=>0x000000006b353000 JavaThread "Main message loop" daemon [_thread_in_vm, id=6068, stack(0x0000000022ba0000,0x0000000022c20000)]
  0x000000006b350000 JavaThread "com.jniwrapper.NativeResourceCollector" daemon [_thread_blocked, id=9104, stack(0x000000002b7e0000,0x000000002b860000)]
  0x000000006b351800 JavaThread "Code Analyzer updating thread" [_thread_blocked, id=9824, stack(0x0000000021e00000,0x0000000021e80000)]
  0x000000006b352000 JavaThread "Foxtrot Single Worker Thread #1" daemon [_thread_blocked, id=6564, stack(0x000000000fad0000,0x000000000fb50000)]
  0x000000006b34b800 JavaThread "Code Analyzer updating thread" [_thread_blocked, id=3236, stack(0x00000000226b0000,0x0000000022730000)]
  0x000000006b34d000 JavaThread "Code Analyzer updating thread" [_thread_blocked, id=5192, stack(0x000000001ff70000,0x000000001fff0000)]
  0x000000006b34e800 JavaThread "Timer-33" [_thread_blocked, id=7636, stack(0x000000001fe80000,0x000000001ff00000)]
  0x0000000065698800 JavaThread "Prefs Updater" daemon [_thread_blocked, id=2600, stack(0x0000000022050000,0x00000000220d0000)]
  0x000000006569c000 JavaThread "pool-5-thread-1" [_thread_blocked, id=3284, stack(0x0000000022110000,0x0000000022190000)]
  0x000000006b34c800 JavaThread "Swing-Shell" daemon [_thread_blocked, id=8564, stack(0x000000002aeb0000,0x000000002af30000)]
  0x000000006b34b000 JavaThread "Code Analyzer updating thread" [_thread_blocked, id=8372, stack(0x000000006e440000,0x000000006e4c0000)]
  0x000000006b34a000 JavaThread "Code Analyzer updating thread" [_thread_blocked, id=1480, stack(0x00000000708f0000,0x0000000070970000)]
  0x000000006b349800 JavaThread "Code Analyzer updating thread" [_thread_blocked, id=6896, stack(0x0000000070810000,0x0000000070890000)]
  0x000000006b348800 JavaThread "Code Analyzer updating thread" [_thread_blocked, id=8908, stack(0x0000000070770000,0x00000000707f0000)]
  0x000000006b348000 JavaThread "Active Reference Queue Daemon" daemon [_thread_blocked, id=8348, stack(0x000000006e500000,0x000000006e580000)]
  0x000000006b347800 JavaThread "Timer-7" daemon [_thread_blocked, id=2092, stack(0x000000006e2e0000,0x000000006e360000)]
  0x000000006569d800 JavaThread "Timer-6" daemon [_thread_blocked, id=5036, stack(0x000000006e3b0000,0x000000006e430000)]
  0x000000006569d000 JavaThread "Explorer NavigationContext request queue" [_thread_blocked, id=8412, stack(0x000000006df90000,0x000000006e010000)]
  0x000000006569b800 JavaThread "AddressBar directory emptiness poller" [_thread_blocked, id=3620, stack(0x000000006e120000,0x000000006e1a0000)]
  0x000000006569a800 JavaThread "Explorer Refresh Service 262530276" [_thread_blocked, id=7680, stack(0x000000006e030000,0x000000006e0b0000)]
  0x0000000065699000 JavaThread "Timer-1" daemon [_thread_blocked, id=6768, stack(0x0000000066030000,0x00000000660b0000)]
  0x0000000065697800 JavaThread "TimerQueue" daemon [_thread_blocked, id=8712, stack(0x00000000574c0000,0x0000000057540000)]
  0x0000000065697000 JavaThread "Thread-5" daemon [_thread_blocked, id=9028, stack(0x000000005b660000,0x000000005b6e0000)]
  0x0000000065696800 JavaThread "FelixPackageAdmin" daemon [_thread_blocked, id=7076, stack(0x0000000057580000,0x0000000057600000)]
  0x00000000655b4000 JavaThread "FelixStartLevel" daemon [_thread_blocked, id=4108, stack(0x00000000086f0000,0x0000000008770000)]
  0x0000000065588800 JavaThread "FelixDispatchQueue" daemon [_thread_blocked, id=5324, stack(0x000000001ebb0000,0x000000001ec30000)]
  0x0000000065726000 JavaThread "AWT-EventQueue-0" [_thread_blocked, id=5888, stack(0x0000000042ff0000,0x0000000043070000)]
  0x0000000065404000 JavaThread "com.google.common.base.internal.Finalizer" daemon [_thread_blocked, id=6412, stack(0x0000000042f60000,0x0000000042fe0000)]
  0x0000000064f47800 JavaThread "AWT-Windows" daemon [_thread_in_native, id=4760, stack(0x0000000036ae0000,0x0000000036b60000)]
  0x0000000064f47000 JavaThread "AWT-Shutdown" [_thread_blocked, id=9124, stack(0x0000000008c10000,0x0000000008c90000)]
  0x0000000064f46000 JavaThread "Java2D Disposer" daemon [_thread_blocked, id=8888, stack(0x0000000008cc0000,0x0000000008d40000)]
  0x0000000064cae000 JavaThread "Timer-0" [_thread_blocked, id=8328, stack(0x0000000008590000,0x0000000008610000)]
  0x0000000064aed000 JavaThread "EventMgr Dispatcher" daemon [_thread_in_native, id=5824, stack(0x0000000009030000,0x000000000d030000)]
  0x0000000057490800 JavaThread "Low Memory Detector" daemon [_thread_blocked, id=7160, stack(0x0000000008610000,0x0000000008690000)]
  0x0000000057489800 JavaThread "CompilerThread1" daemon [_thread_blocked, id=6868, stack(0x000000005f7f0000,0x00000000637f0000)]
  0x0000000057484800 JavaThread "CompilerThread0" daemon [_thread_blocked, id=8248, stack(0x000000005b700000,0x000000005f700000)]
  0x000000005747e000 JavaThread "Attach Listener" daemon [_thread_blocked, id=4544, stack(0x0000000008770000,0x00000000087f0000)]
  0x0000000057461800 JavaThread "Finalizer" daemon [_thread_blocked, id=5304, stack(0x000000001eb20000,0x000000001eba0000)]
  0x000000005745c800 JavaThread "Reference Handler" daemon [_thread_blocked, id=7476, stack(0x000000002ada0000,0x000000002ae20000)]
  0x0000000005b38000 JavaThread "main" [_thread_in_native, id=8280, stack(0x0000000000080000,0x0000000004080000)]

Other Threads:
  0x0000000005bbc800 VMThread [stack: 0x0000000057640000,0x000000005b640000] [id=6908]
  0x00000000574bd000 WatcherThread [stack: 0x0000000066810000,0x000000006a810000] [id=9096]

VM state:not at safepoint (normal execution)

VM Mutex/Monitor currently owned by a thread: None

Heap
 PSYoungGen      total 245888K, used 229049K [0x0000000476010000, 0x0000000486210000, 0x0000000570010000)
  eden space 234176K, 92% used [0x0000000476010000,0x000000048344ee80,0x00000004844c0000)
  from space 11712K, 99% used [0x00000004844c0000,0x000000048502f6e0,0x0000000485030000)
  to   space 14528K, 0% used [0x00000004853e0000,0x00000004853e0000,0x0000000486210000)
 PSOldGen        total 188928K, used 89178K [0x0000000188010000, 0x0000000193890000, 0x0000000476010000)
  object space 188928K, 47% used [0x0000000188010000,0x000000018d726aa0,0x0000000193890000)
 PSPermGen       total 131072K, used 82806K [0x0000000180010000, 0x0000000188010000, 0x0000000188010000)
  object space 131072K, 63% used [0x0000000180010000,0x00000001850ed8b8,0x0000000188010000)

Dynamic libraries:
0x000000013fdf0000 - 0x000000013fe1d000 	C:\Program Files\MATLAB\MATLAB Production Server\R2012b\bin\win64\MATLAB.exe
0x00000000773c0000 - 0x0000000077569000 	C:\Windows\SYSTEM32\ntdll.dll
0x00000000772a0000 - 0x00000000773bf000 	C:\Windows\system32\kernel32.dll
0x000007fefd1b0000 - 0x000007fefd21c000 	C:\Windows\system32\KERNELBASE.dll
0x0000000074460000 - 0x000000007451f000 	C:\Program Files\MATLAB\MATLAB Production Server\R2012b\bin\win64\libut.dll
0x00000000758a0000 - 0x000000007595c000 	C:\Program Files\MATLAB\MATLAB Production Server\R2012b\bin\win64\libmwi18n.dll
0x0000000180000000 - 0x000000018000b000 	C:\Program Files\MATLAB\MATLAB Production Server\R2012b\bin\win64\libmwresource_core.dll
0x000000006e620000 - 0x000000006e6f3000 	C:\Windows\WinSxS\amd64_microsoft.vc90.crt_1fc8b3b9a1e18e3b_9.0.30729.6161_none_08e61857a83bc251\MSVCP90.dll
0x000000006e700000 - 0x000000006e7a3000 	C:\Windows\WinSxS\amd64_microsoft.vc90.crt_1fc8b3b9a1e18e3b_9.0.30729.6161_none_08e61857a83bc251\MSVCR90.dll
0x000000007a170000 - 0x000000007a19c000 	C:\Program Files\MATLAB\MATLAB Production Server\R2012b\bin\win64\boost_filesystem-vc90-mt-1_44.dll
0x000000007a560000 - 0x000000007a569000 	C:\Program Files\MATLAB\MATLAB Production Server\R2012b\bin\win64\boost_system-vc90-mt-1_44.dll
0x000007fefd560000 - 0x000007fefd63b000 	C:\Windows\system32\ADVAPI32.dll
0x000007fefde10000 - 0x000007fefdeaf000 	C:\Windows\system32\msvcrt.dll
0x000007fefd540000 - 0x000007fefd55f000 	C:\Windows\SYSTEM32\sechost.dll
0x000007fefdce0000 - 0x000007fefde0d000 	C:\Windows\system32\RPCRT4.dll
0x000000007a010000 - 0x000000007a035000 	C:\Program Files\MATLAB\MATLAB Production Server\R2012b\bin\win64\LIBEXPAT.dll
0x0000000071b50000 - 0x0000000071d41000 	C:\Program Files\MATLAB\MATLAB Production Server\R2012b\bin\win64\icuin44.dll
0x0000000071dd0000 - 0x0000000071f41000 	C:\Program Files\MATLAB\MATLAB Production Server\R2012b\bin\win64\icuuc44.dll
0x0000000010000000 - 0x0000000010e41000 	C:\Program Files\MATLAB\MATLAB Production Server\R2012b\bin\win64\icudt44.dll
0x0000000073f70000 - 0x000000007411d000 	C:\Program Files\MATLAB\MATLAB Production Server\R2012b\bin\win64\libmwfl.dll
0x00000000042f0000 - 0x00000000046a6000 	C:\Program Files\MATLAB\MATLAB Production Server\R2012b\bin\win64\libmwMATLAB_res.dll
0x000000007a3b0000 - 0x000000007a3c0000 	C:\Program Files\MATLAB\MATLAB Production Server\R2012b\bin\win64\boost_date_time-vc90-mt-1_44.dll
0x000000007a250000 - 0x000000007a263000 	C:\Program Files\MATLAB\MATLAB Production Server\R2012b\bin\win64\boost_signals-vc90-mt-1_44.dll
0x000000007a2d0000 - 0x000000007a2e2000 	C:\Program Files\MATLAB\MATLAB Production Server\R2012b\bin\win64\boost_thread-vc90-mt-1_44.dll
0x00000000046b0000 - 0x000000000476d000 	C:\Program Files\MATLAB\MATLAB Production Server\R2012b\bin\win64\boost_log-vc90-mt-1_44.dll
0x0000000077590000 - 0x0000000077597000 	C:\Windows\system32\PSAPI.DLL
0x000007fefe100000 - 0x000007fefe14d000 	C:\Windows\system32\WS2_32.dll
0x000007fefe0f0000 - 0x000007fefe0f8000 	C:\Windows\system32\NSI.dll
0x0000000004770000 - 0x00000000047b6000 	C:\Program Files\MATLAB\MATLAB Production Server\R2012b\bin\win64\tbb.dll
0x000007fefdcc0000 - 0x000007fefdcd9000 	C:\Windows\system32\imagehlp.dll
0x0000000072940000 - 0x0000000072953000 	C:\Program Files\MATLAB\MATLAB Production Server\R2012b\bin\win64\icuio44.dll
0x000007fef4930000 - 0x000007fef4a55000 	C:\Windows\system32\dbghelp.dll
0x00000000771a0000 - 0x000000007729a000 	C:\Windows\system32\USER32.dll
0x000007fefe220000 - 0x000007fefe287000 	C:\Windows\system32\GDI32.dll
0x000007fefe290000 - 0x000007fefe29e000 	C:\Windows\system32\LPK.dll
0x000007fefe150000 - 0x000007fefe219000 	C:\Windows\system32\USP10.dll
0x00000000047d0000 - 0x0000000004aac000 	C:\Program Files\MATLAB\MATLAB Production Server\R2012b\bin\win64\libmwservices.dll
0x0000000075a20000 - 0x0000000075af3000 	C:\Program Files\MATLAB\MATLAB Production Server\R2012b\bin\win64\libmx.dll
0x0000000004ad0000 - 0x0000000004af9000 	C:\Program Files\MATLAB\MATLAB Production Server\R2012b\bin\win64\tbbmalloc.dll
0x000000007a210000 - 0x000000007a228000 	C:\Program Files\MATLAB\MATLAB Production Server\R2012b\bin\win64\zlib1.dll
0x0000000004b20000 - 0x0000000004b6d000 	C:\Program Files\MATLAB\MATLAB Production Server\R2012b\bin\win64\libmwregexp.dll
0x0000000004b80000 - 0x0000000004ba3000 	C:\Program Files\MATLAB\MATLAB Production Server\R2012b\bin\win64\libmwmfl_scalar.dll
0x0000000075f10000 - 0x0000000075f60000 	C:\Program Files\MATLAB\MATLAB Production Server\R2012b\bin\win64\mpath.dll
0x000000007b680000 - 0x000000007bc9a000 	C:\Program Files\MATLAB\MATLAB Production Server\R2012b\bin\win64\mlutil.dll
0x00000000754d0000 - 0x0000000075551000 	C:\Program Files\MATLAB\MATLAB Production Server\R2012b\bin\win64\xmlcore.dll
0x0000000004bf0000 - 0x0000000004e43000 	C:\Program Files\MATLAB\MATLAB Production Server\R2012b\bin\win64\xerces-c_2_7.dll
0x0000000004e60000 - 0x0000000004e80000 	C:\Program Files\MATLAB\MATLAB Production Server\R2012b\bin\win64\libmwMATLAB_settings_res.dll
0x0000000004e90000 - 0x0000000004ea0000 	C:\Program Files\MATLAB\MATLAB Production Server\R2012b\bin\win64\boost_iostreams-vc90-mt-1_44.dll
0x0000000004eb0000 - 0x0000000004ef7000 	C:\Program Files\MATLAB\MATLAB Production Server\R2012b\bin\win64\boost_serialization-vc90-mt-1_44.dll
0x000007fefe2a0000 - 0x000007feff028000 	C:\Windows\system32\SHELL32.dll
0x000007fefd9f0000 - 0x000007fefda61000 	C:\Windows\system32\SHLWAPI.dll
0x000007feee540000 - 0x000007feee5e0000 	C:\Windows\WinSxS\amd64_microsoft.windows.common-controls_6595b64144ccf1df_5.82.7601.18201_none_a4d3b9377117c3df\COMCTL32.dll
0x000007fefd8b0000 - 0x000007fefd947000 	C:\Windows\system32\COMDLG32.dll
0x000007fefb080000 - 0x000007fefb096000 	C:\Windows\system32\NETAPI32.dll
0x000007fefb070000 - 0x000007fefb07c000 	C:\Windows\system32\netutils.dll
0x000007fefcbd0000 - 0x000007fefcbf3000 	C:\Windows\system32\srvcli.dll
0x000007fefb050000 - 0x000007fefb065000 	C:\Windows\system32\wkscli.dll
0x000007feff1c0000 - 0x000007feff3c3000 	C:\Windows\system32\ole32.dll
0x000007fefd640000 - 0x000007fefd717000 	C:\Windows\system32\OLEAUT32.dll
0x0000000074970000 - 0x0000000074a31000 	C:\Program Files\MATLAB\MATLAB Production Server\R2012b\bin\win64\mcr.dll
0x0000000075000000 - 0x00000000753e9000 	C:\Program Files\MATLAB\MATLAB Production Server\R2012b\bin\win64\iqm.dll
0x0000000074e80000 - 0x0000000074f38000 	C:\Program Files\MATLAB\MATLAB Production Server\R2012b\bin\win64\m_dispatcher.dll
0x0000000074880000 - 0x000000007496d000 	C:\Program Files\MATLAB\MATLAB Production Server\R2012b\bin\win64\boost_regex-vc90-mt-1_44.dll
0x000007fee7d40000 - 0x000007fee85b1000 	C:\Program Files\MATLAB\MATLAB Production Server\R2012b\bin\win64\m_interpreter.dll
0x0000000072910000 - 0x0000000072937000 	C:\Program Files\MATLAB\MATLAB Production Server\R2012b\bin\win64\libmex.dll
0x00000000725f0000 - 0x0000000072674000 	C:\Program Files\MATLAB\MATLAB Production Server\R2012b\bin\win64\profiler.dll
0x0000000004f80000 - 0x00000000051ea000 	C:\Program Files\MATLAB\MATLAB Production Server\R2012b\bin\win64\libmwmathutil.dll
0x0000000079f40000 - 0x0000000079f6e000 	C:\Program Files\MATLAB\MATLAB Production Server\R2012b\bin\win64\libmwmathrng.dll
0x0000000005210000 - 0x0000000005222000 	C:\Program Files\MATLAB\MATLAB Production Server\R2012b\bin\win64\libmwmfl_rng.dll
0x0000000074c10000 - 0x0000000074cee000 	C:\Program Files\MATLAB\MATLAB Production Server\R2012b\bin\win64\libmwmathcore.dll
0x0000000076160000 - 0x00000000761ca000 	C:\Program Files\MATLAB\MATLAB Production Server\R2012b\bin\win64\libmwspmatrix.dll
0x0000000075ea0000 - 0x0000000075f02000 	C:\Program Files\MATLAB\MATLAB Production Server\R2012b\bin\win64\libmwcholmod.dll
0x000000007a460000 - 0x000000007a46d000 	C:\Program Files\MATLAB\MATLAB Production Server\R2012b\bin\win64\libmwamd.dll
0x000000007a4b0000 - 0x000000007a4bc000 	C:\Program Files\MATLAB\MATLAB Production Server\R2012b\bin\win64\libmwcolamd.dll
0x000000007a290000 - 0x000000007a2a9000 	C:\Program Files\MATLAB\MATLAB Production Server\R2012b\bin\win64\libmwblas.dll
0x000000007a310000 - 0x000000007a321000 	C:\Program Files\MATLAB\MATLAB Production Server\R2012b\bin\win64\libmwbinder.dll
0x000000007a4d0000 - 0x000000007a4dc000 	C:\Program Files\MATLAB\MATLAB Production Server\R2012b\bin\win64\libmwompwrapper.dll
0x00000000052c0000 - 0x0000000005345000 	C:\Program Files\MATLAB\MATLAB Production Server\R2012b\bin\win64\libmwlapack.dll
0x00000000722a0000 - 0x00000000722c1000 	C:\Program Files\MATLAB\MATLAB Production Server\R2012b\bin\win64\m_pcodeio.dll
0x0000000079b10000 - 0x0000000079b77000 	C:\Program Files\MATLAB\MATLAB Production Server\R2012b\bin\win64\m_ir.dll
0x00000000714e0000 - 0x0000000071b50000 	C:\Program Files\MATLAB\MATLAB Production Server\R2012b\bin\win64\m_parser.dll
0x0000000072960000 - 0x000000007297a000 	C:\Program Files\MATLAB\MATLAB Production Server\R2012b\bin\win64\ir_xfmr.dll
0x000007fee8ba0000 - 0x000007fee8e36000 	C:\Program Files\MATLAB\MATLAB Production Server\R2012b\bin\win64\mcos.dll
0x0000000072280000 - 0x0000000072291000 	C:\Program Files\MATLAB\MATLAB Production Server\R2012b\bin\win64\mtok.dll
0x0000000071d90000 - 0x0000000071dc1000 	C:\Program Files\MATLAB\MATLAB Production Server\R2012b\bin\win64\m_pcodegen.dll
0x0000000079fb0000 - 0x0000000079fe6000 	C:\Program Files\MATLAB\MATLAB Production Server\R2012b\bin\win64\libmwbridge.dll
0x0000000071270000 - 0x0000000071338000 	C:\Program Files\MATLAB\MATLAB Production Server\R2012b\bin\win64\udd.dll
0x0000000071110000 - 0x0000000071262000 	C:\Program Files\MATLAB\MATLAB Production Server\R2012b\bin\win64\libmwgui.dll
0x0000000071d70000 - 0x0000000071d87000 	C:\Program Files\MATLAB\MATLAB Production Server\R2012b\bin\win64\graphics_util.dll
0x0000000063ff0000 - 0x0000000064a4f000 	C:\Program Files\MATLAB\MATLAB Production Server\R2012b\bin\win64\hg.dll
0x0000000005420000 - 0x0000000005488000 	C:\Program Files\MATLAB\MATLAB Production Server\R2012b\bin\win64\libmat.dll
0x0000000072d30000 - 0x0000000072f44000 	C:\Program Files\MATLAB\MATLAB Production Server\R2012b\bin\win64\hdf5dll.dll
0x0000000075710000 - 0x00000000757de000 	C:\Program Files\MATLAB\MATLAB Production Server\R2012b\bin\win64\jmi.dll
0x00000000054c0000 - 0x00000000054cd000 	C:\Program Files\MATLAB\MATLAB Production Server\R2012b\bin\win64\nativejava_services.dll
0x0000000071490000 - 0x00000000714d6000 	C:\Program Files\MATLAB\MATLAB Production Server\R2012b\bin\win64\libmwhardcopy.dll
0x00000000713a0000 - 0x0000000071403000 	C:\Program Files\MATLAB\MATLAB Production Server\R2012b\bin\win64\libuij.dll
0x0000000070ea0000 - 0x0000000071104000 	C:\Program Files\MATLAB\MATLAB Production Server\R2012b\bin\win64\hgdatatypes.dll
0x0000000070d80000 - 0x0000000070e9f000 	C:\Program Files\MATLAB\MATLAB Production Server\R2012b\bin\win64\hgutils.dll
0x0000000070cc0000 - 0x0000000070d80000 	C:\Program Files\MATLAB\MATLAB Production Server\R2012b\bin\win64\udd_mi.dll
0x0000000005530000 - 0x000000000556b000 	C:\Program Files\MATLAB\MATLAB Production Server\R2012b\bin\win64\libmwgbtutils.dll
0x0000000005580000 - 0x000000000559b000 	C:\Program Files\MATLAB\MATLAB Production Server\R2012b\bin\win64\libmwgbt.dll
0x00000000055b0000 - 0x0000000005881000 	C:\Program Files\MATLAB\MATLAB Production Server\R2012b\bin\win64\uiw.dll
0x0000000072900000 - 0x000000007290f000 	C:\Program Files\MATLAB\MATLAB Production Server\R2012b\bin\win64\uinone.dll
0x00000000058b0000 - 0x00000000058d9000 	C:\Program Files\MATLAB\MATLAB Production Server\R2012b\bin\win64\libmwnativefiledialogs.dll
0x00000000058f0000 - 0x00000000058f8000 	C:\Program Files\MATLAB\MATLAB Production Server\R2012b\bin\win64\libmwplatform_res.dll
0x000007fef7f40000 - 0x000007fef7f58000 	C:\Windows\system32\MPR.dll
0x0000000066320000 - 0x0000000066804000 	C:\Windows\WinSxS\amd64_microsoft.vc90.mfc_1fc8b3b9a1e18e3b_9.0.30729.6161_none_044aad0bab1eb146\mfc90.dll
0x000007fefadb0000 - 0x000007fefadb7000 	C:\Windows\system32\MSIMG32.dll
0x000007fef77c0000 - 0x000007fef7831000 	C:\Windows\system32\WINSPOOL.DRV
0x0000000071460000 - 0x0000000071482000 	C:\Program Files\MATLAB\MATLAB Production Server\R2012b\bin\win64\mwoles05.DLL
0x0000000070c40000 - 0x0000000070cbd000 	C:\Program Files\MATLAB\MATLAB Production Server\R2012b\bin\win64\comcli.dll
0x000000006e5f0000 - 0x000000006e61f000 	C:\Windows\WinSxS\amd64_microsoft.vc90.atl_1fc8b3b9a1e18e3b_9.0.30729.6161_none_0a1fd3a3a768b895\ATL90.DLL
0x00000000729a0000 - 0x00000000729ac000 	C:\Program Files\MATLAB\MATLAB Production Server\R2012b\bin\win64\mlautoregister.dll
0x000007feff6a0000 - 0x000007feff6ce000 	C:\Windows\system32\IMM32.DLL
0x000007fefd7a0000 - 0x000007fefd8a9000 	C:\Windows\system32\MSCTF.dll
0x000007fefbb50000 - 0x000007fefbba6000 	C:\Windows\system32\UxTheme.dll
0x000007fefb720000 - 0x000007fefb738000 	C:\Windows\system32\dwmapi.dll
0x00000000727b0000 - 0x00000000727b9000 	C:\Windows\WinSxS\amd64_microsoft.vc90.mfcloc_1fc8b3b9a1e18e3b_9.0.30729.6161_none_01c9581e60cbee58\MFC90CHS.DLL
0x000007fefcfc0000 - 0x000007fefd017000 	C:\Windows\system32\apphelp.dll
0x000007fef6f30000 - 0x000007fef751b000 	C:\Windows\system32\SOGOUPY.IME
0x000007fefae80000 - 0x000007fefaed4000 	C:\Windows\system32\OLEACC.dll
0x000007fefc250000 - 0x000007fefc25c000 	C:\Windows\system32\VERSION.dll
0x0000000078870000 - 0x0000000078ecd000 	C:\Program Files\MATLAB\MATLAB Production Server\R2012b\sys\java\jre\win64\jre\bin\server\jvm.dll
0x000007fefabc0000 - 0x000007fefabfb000 	C:\Windows\system32\WINMM.dll
0x000007fefd190000 - 0x000007fefd19f000 	C:\Windows\system32\profapi.dll
0x000007fefaba0000 - 0x000007fefabb5000 	C:\Windows\system32\NLAapi.dll
0x000007fef34d0000 - 0x000007fef34e5000 	C:\Windows\system32\napinsp.dll
0x000007fef76a0000 - 0x000007fef76ca000 	C:\Program Files (x86)\SogouInput\Components\SgAppender\1.0.0.207\SgAppender_Dll64.dll

VM Arguments:
jvm_args: -Xss512k -XX:PermSize=32m -Xms64m -XX:NewRatio=3 -XX:MaxPermSize=128m -Xmx196m -XX:MaxDirectMemorySize=2147400000 -Dsun.java2d.noddraw=true -Dsun.awt.nopixfmt=true -Xshare:off -Xrs -Dsun.awt.disableMixing=true -Xmx16000m -Djava.library.path=C:\Program Files\MATLAB\MATLAB Production Server\R2012b\bin\win64;C:\Program Files\MATLAB\MATLAB Production Server\R2012b\sys\jxbrowser\win64\lib vfprintf abort -Duser.language=en -Duser.country=US 
java_command: <unknown>
Launcher Type: generic

Environment Variables:
PATH=C:\Program Files (x86)\Intel\iCLS Client\;C:\Program Files\Intel\iCLS Client\;C:\Windows\system32;C:\Windows;C:\Windows\System32\Wbem;C:\Windows\System32\WindowsPowerShell\v1.0\;C:\Program Files\Intel\Intel(R) Management Engine Components\DAL;C:\Program Files\Intel\Intel(R) Management Engine Components\IPT;C:\Program Files (x86)\Intel\Intel(R) Management Engine Components\DAL;C:\Program Files (x86)\Intel\Intel(R) Management Engine Components\IPT;C:\Program Files\MATLAB\MATLAB Production Server\R2012b\runtime\win64;C:\Program Files\MATLAB\MATLAB Production Server\R2012b\bin;C:\Program Files (x86)\ATI Technologies\ATI.ACE\Core-Static;C:\Program Files (x86)\Microsoft SQL Server\90\Tools\binn\
USERNAME=jzy
OS=Windows_NT
PROCESSOR_IDENTIFIER=Intel64 Family 6 Model 42 Stepping 7, GenuineIntel



---------------  S Y S T E M  ---------------

OS: Windows 7 Build 7601 Service Pack 1

CPU:total 8 (8 cores per cpu, 2 threads per core) family 6 model 42 stepping 7, cmov, cx8, fxsr, mmx, sse, sse2, sse3, ssse3, sse4.1, sse4.2, ht

Memory: 4k page, physical 16759064k(10012516k free), swap 33516264k(24924856k free)

vm_info: Java HotSpot(TM) 64-Bit Server VM (14.3-b01) for windows-amd64 JRE (1.6.0_17-b04), built on Oct 11 2009 00:46:08 by "java_re" with MS VC++ 8.0

time: Thu Apr 16 17:31:18 2015
elapsed time: 81396 seconds

