#
# A fatal error has been detected by the Java Runtime Environment:
#
#  EXCEPTION_ACCESS_VIOLATION (0xc0000005) at pc=0x0000000029dda73b, pid=13876, tid=7652
#
# JRE version: 6.0_17-b04
# Java VM: Java HotSpot(TM) 64-Bit Server VM (14.3-b01 mixed mode windows-amd64 )
# Problematic frame:
# J  com.jniwrapper.g.readPointer(I)J
#
# If you would like to submit a bug report, please visit:
#   http://java.sun.com/webapps/bugreport/crash.jsp
#

---------------  T H R E A D  ---------------

Current thread (0x0000000026d41800):  JavaThread "Main message loop" daemon [_thread_in_Java, id=7652, stack(0x00000000745a0000,0x0000000074620000)]

siginfo: ExceptionCode=0xc0000005, reading address 0x0000000080004005

Registers:
EAX=0x00000001849884d0, EBX=0x00000001849884d0, ECX=0x00000000292bf3c0, EDX=0x0000000479863590
ESP=0x000000007460e4c0, EBP=0x0000000000000000, ESI=0x0000000184b0c388, EDI=0x00000000292b59ae
EIP=0x0000000029dda73b, EFLAGS=0x0000000000010246

Top of Stack: (sp=0x000000007460e4c0)
0x000000007460e4c0:   000000007460e568 0000000184b08fa0
0x000000007460e4d0:   0000000026d41800 00000000292cc2ac
0x000000007460e4e0:   00000000000000b9 000000007460e558
0x000000007460e4f0:   000000007460e558 00000000292b5ecd
0x000000007460e500:   00000000292b5ecd 0000000000000000
0x000000007460e510:   0000000479863590 000000007460e518
0x000000007460e520:   0000000184b08fa0 000000007460e568
0x000000007460e530:   0000000184b1c948 0000000000000000
0x000000007460e540:   0000000184b08fb0 000000007460e508
0x000000007460e550:   000000007460e568 000000007460e5b8
0x000000007460e560:   00000000292b59f3 000000047941fc00
0x000000007460e570:   000000047941fc00 000000007460e578
0x000000007460e580:   0000000184b08dea 000000007460e5f0
0x000000007460e590:   0000000184b1c948 0000000000000000
0x000000007460e5a0:   0000000184b08e00 000000007460e568
0x000000007460e5b0:   000000007460e600 000000018ab83c00 

Instructions: (pc=0x0000000029dda73b)
0x0000000029dda72b:   28 01 00 00 4d 8b 50 10 45 0f be 58 2e 4c 63 c5
0x0000000029dda73b:   4b 8b 04 02 45 85 db 0f 84 21 01 00 00 48 83 c4 


Stack: [0x00000000745a0000,0x0000000074620000],  sp=0x000000007460e4c0,  free space=441k
Native frames: (J=compiled Java code, j=interpreted, Vv=VM code, C=native code)
J  com.jniwrapper.g.readPointer(I)J

[error occurred during error reporting (printing native stack), id 0xc0000005]


---------------  P R O C E S S  ---------------

Java Threads: ( => current thread )
  0x0000000026d42000 JavaThread "Code Analyzer updating thread" [_thread_blocked, id=2812, stack(0x0000000075b00000,0x0000000075b80000)]
  0x0000000026d43800 JavaThread "Code Analyzer updating thread" [_thread_blocked, id=3176, stack(0x0000000078360000,0x00000000783e0000)]
=>0x0000000026d41800 JavaThread "Main message loop" daemon [_thread_in_Java, id=7652, stack(0x00000000745a0000,0x0000000074620000)]
  0x0000000026d3d000 JavaThread "Code Analyzer updating thread" [_thread_blocked, id=7864, stack(0x0000000074d00000,0x0000000074d80000)]
  0x0000000026d3f000 JavaThread "Code Analyzer updating thread" [_thread_blocked, id=15036, stack(0x0000000074140000,0x00000000741c0000)]
  0x0000000026d3d800 JavaThread "Code Analyzer updating thread" [_thread_blocked, id=15060, stack(0x0000000072ff0000,0x0000000073070000)]
  0x0000000026d3c000 JavaThread "Code Analyzer updating thread" [_thread_blocked, id=1844, stack(0x0000000061bc0000,0x0000000061c40000)]
  0x0000000051454000 JavaThread "Code Analyzer updating thread" [_thread_blocked, id=13164, stack(0x00000000284b0000,0x0000000028530000)]
  0x0000000051456000 JavaThread "Code Analyzer updating thread" [_thread_blocked, id=12328, stack(0x00000000285a0000,0x0000000028620000)]
  0x00000000501c1000 JavaThread "Explorer NavigationContext request queue" [_thread_blocked, id=12544, stack(0x0000000074a80000,0x0000000074b00000)]
  0x0000000051453800 JavaThread "Code Analyzer updating thread" [_thread_blocked, id=12104, stack(0x00000000287a0000,0x0000000028820000)]
  0x000000004ffd3000 JavaThread "pool-1-thread-1" [_thread_blocked, id=10064, stack(0x00000000747d0000,0x0000000074850000)]
  0x000000004ffd1800 JavaThread "Timer-391" daemon [_thread_blocked, id=13140, stack(0x0000000073460000,0x00000000734e0000)]
  0x00000000501c9800 JavaThread "com.jniwrapper.NativeResourceCollector" daemon [_thread_blocked, id=3220, stack(0x000000006e2d0000,0x000000006e350000)]
  0x00000000501c8800 JavaThread "Timer-241" [_thread_blocked, id=14464, stack(0x00000000743e0000,0x0000000074460000)]
  0x00000000501c7800 JavaThread "pool-7-thread-1" [_thread_blocked, id=11872, stack(0x0000000072f60000,0x0000000072fe0000)]
  0x00000000501c2000 JavaThread "Code Analyzer updating thread" [_thread_blocked, id=8680, stack(0x0000000069e50000,0x0000000069ed0000)]
  0x00000000501c6800 JavaThread "Code Analyzer updating thread" [_thread_blocked, id=9052, stack(0x0000000056e40000,0x0000000056ec0000)]
  0x00000000501c0000 JavaThread "Active Reference Queue Daemon" daemon [_thread_blocked, id=10896, stack(0x0000000056f00000,0x0000000056f80000)]
  0x00000000501c5000 JavaThread "Timer-29" daemon [_thread_blocked, id=12964, stack(0x0000000055b90000,0x0000000055c10000)]
  0x00000000501bc800 JavaThread "Prefs Updater" daemon [_thread_blocked, id=8908, stack(0x0000000055ce0000,0x0000000055d60000)]
  0x00000000501c6000 JavaThread "Thread-70" [_thread_blocked, id=11776, stack(0x00000000365e0000,0x0000000036660000)]
  0x00000000501c4800 JavaThread "Swing-Shell" daemon [_thread_blocked, id=8520, stack(0x0000000015080000,0x0000000015100000)]
  0x00000000501c3000 JavaThread "Timer-8" daemon [_thread_blocked, id=10988, stack(0x0000000050910000,0x0000000050990000)]
  0x00000000501bf800 JavaThread "AddressBar directory emptiness poller" [_thread_blocked, id=10616, stack(0x0000000052950000,0x00000000529d0000)]
  0x00000000501be800 JavaThread "Explorer Refresh Service 667979297" [_thread_blocked, id=12448, stack(0x0000000052830000,0x00000000528b0000)]
  0x00000000501bd000 JavaThread "Timer-1" daemon [_thread_blocked, id=7276, stack(0x0000000008c20000,0x0000000008ca0000)]
  0x00000000501bb800 JavaThread "TimerQueue" daemon [_thread_blocked, id=9348, stack(0x0000000008790000,0x0000000008810000)]
  0x00000000501bb000 JavaThread "Thread-5" daemon [_thread_blocked, id=11340, stack(0x0000000050a40000,0x0000000050ac0000)]
  0x00000000501ba000 JavaThread "FelixPackageAdmin" daemon [_thread_blocked, id=4188, stack(0x0000000050af0000,0x0000000050b70000)]
  0x000000004fed1000 JavaThread "FelixStartLevel" daemon [_thread_blocked, id=5624, stack(0x0000000032360000,0x00000000323e0000)]
  0x00000000505f1000 JavaThread "FelixDispatchQueue" daemon [_thread_blocked, id=10548, stack(0x000000004a980000,0x000000004aa00000)]
  0x000000004f452800 JavaThread "AWT-EventQueue-0" [_thread_blocked, id=8052, stack(0x0000000050860000,0x00000000508e0000)]
  0x00000000501fa000 JavaThread "com.google.common.base.internal.Finalizer" daemon [_thread_blocked, id=13116, stack(0x0000000019120000,0x00000000191a0000)]
  0x00000000501f7000 JavaThread "AWT-Shutdown" [_thread_blocked, id=14708, stack(0x0000000010ea0000,0x0000000010f20000)]
  0x000000004fdb8800 JavaThread "AWT-Windows" daemon [_thread_in_native, id=8160, stack(0x00000000427a0000,0x0000000042820000)]
  0x000000004ebe7000 JavaThread "Java2D Disposer" daemon [_thread_blocked, id=11668, stack(0x0000000036550000,0x00000000365d0000)]
  0x000000004fa3d800 JavaThread "Timer-0" [_thread_blocked, id=13184, stack(0x00000000323e0000,0x0000000032460000)]
  0x000000004f7fa000 JavaThread "EventMgr Dispatcher" daemon [_thread_in_native, id=15148, stack(0x0000000008ee0000,0x000000000cee0000)]
  0x000000004ebf0000 JavaThread "Low Memory Detector" daemon [_thread_blocked, id=11232, stack(0x000000002e2c0000,0x000000002e340000)]
  0x000000004ebe9800 JavaThread "CompilerThread1" daemon [_thread_blocked, id=14824, stack(0x0000000061ce0000,0x0000000065ce0000)]
  0x000000004eba0800 JavaThread "CompilerThread0" daemon [_thread_blocked, id=12008, stack(0x000000005db60000,0x0000000061b60000)]
  0x000000004eb9d800 JavaThread "Attach Listener" daemon [_thread_blocked, id=11948, stack(0x0000000015000000,0x0000000015080000)]
  0x000000004eb8a000 JavaThread "Finalizer" daemon [_thread_blocked, id=14592, stack(0x0000000014f70000,0x0000000014ff0000)]
  0x000000004eb7f800 JavaThread "Reference Handler" daemon [_thread_blocked, id=4908, stack(0x000000000ff00000,0x000000000ff80000)]
  0x0000000005b8f800 JavaThread "Run$_main" [_thread_in_native, id=7716, stack(0x0000000000110000,0x0000000004110000)]

Other Threads:
  0x000000004eb7a800 VMThread [stack: 0x0000000059b20000,0x000000005db20000] [id=12876]
  0x000000004ec28800 WatcherThread [stack: 0x0000000065df0000,0x0000000069df0000] [id=14756]

VM state:not at safepoint (normal execution)

VM Mutex/Monitor currently owned by a thread: None

Heap
 PSYoungGen      total 151168K, used 67357K [0x0000000476010000, 0x00000004801f0000, 0x0000000570010000)
  eden space 137536K, 41% used [0x0000000476010000,0x000000047986fda8,0x000000047e660000)
  from space 13632K, 70% used [0x000000047f400000,0x000000047fd67710,0x0000000480150000)
  to   space 13952K, 0% used [0x000000047e660000,0x000000047e660000,0x000000047f400000)
 PSOldGen        total 211200K, used 171980K [0x0000000188010000, 0x0000000194e50000, 0x0000000476010000)
  object space 211200K, 81% used [0x0000000188010000,0x0000000192803238,0x0000000194e50000)
 PSPermGen       total 89600K, used 88477K [0x0000000180010000, 0x0000000185790000, 0x0000000188010000)
  object space 89600K, 98% used [0x0000000180010000,0x0000000185677668,0x0000000185790000)

Dynamic libraries:
0x000000013f4a0000 - 0x000000013f4cd000 	C:\Program Files\MATLAB\MATLAB Production Server\R2012b\bin\win64\MATLAB.exe
0x0000000077750000 - 0x00000000778fa000 	C:\Windows\SYSTEM32\ntdll.dll
0x0000000077630000 - 0x000000007774f000 	C:\Windows\system32\kernel32.dll
0x000007fefd970000 - 0x000007fefd9da000 	C:\Windows\system32\KERNELBASE.dll
0x0000000074460000 - 0x000000007451f000 	C:\Program Files\MATLAB\MATLAB Production Server\R2012b\bin\win64\libut.dll
0x00000000758a0000 - 0x000000007595c000 	C:\Program Files\MATLAB\MATLAB Production Server\R2012b\bin\win64\libmwi18n.dll
0x0000000180000000 - 0x000000018000b000 	C:\Program Files\MATLAB\MATLAB Production Server\R2012b\bin\win64\libmwresource_core.dll
0x000000006e870000 - 0x000000006e943000 	C:\Windows\WinSxS\amd64_microsoft.vc90.crt_1fc8b3b9a1e18e3b_9.0.30729.6161_none_08e61857a83bc251\MSVCP90.dll
0x000000006e950000 - 0x000000006e9f3000 	C:\Windows\WinSxS\amd64_microsoft.vc90.crt_1fc8b3b9a1e18e3b_9.0.30729.6161_none_08e61857a83bc251\MSVCR90.dll
0x000000007a170000 - 0x000000007a19c000 	C:\Program Files\MATLAB\MATLAB Production Server\R2012b\bin\win64\boost_filesystem-vc90-mt-1_44.dll
0x000000007a560000 - 0x000000007a569000 	C:\Program Files\MATLAB\MATLAB Production Server\R2012b\bin\win64\boost_system-vc90-mt-1_44.dll
0x000007feff2f0000 - 0x000007feff3cb000 	C:\Windows\system32\ADVAPI32.dll
0x000007feff6d0000 - 0x000007feff76f000 	C:\Windows\system32\msvcrt.dll
0x000007feff770000 - 0x000007feff78f000 	C:\Windows\SYSTEM32\sechost.dll
0x000007fefdea0000 - 0x000007fefdfcd000 	C:\Windows\system32\RPCRT4.dll
0x000000007a010000 - 0x000000007a035000 	C:\Program Files\MATLAB\MATLAB Production Server\R2012b\bin\win64\LIBEXPAT.dll
0x00000000597a0000 - 0x0000000059991000 	C:\Program Files\MATLAB\MATLAB Production Server\R2012b\bin\win64\icuin44.dll
0x0000000059360000 - 0x00000000594d1000 	C:\Program Files\MATLAB\MATLAB Production Server\R2012b\bin\win64\icuuc44.dll
0x0000000010000000 - 0x0000000010e41000 	C:\Program Files\MATLAB\MATLAB Production Server\R2012b\bin\win64\icudt44.dll
0x0000000073f70000 - 0x000000007411d000 	C:\Program Files\MATLAB\MATLAB Production Server\R2012b\bin\win64\libmwfl.dll
0x00000000043d0000 - 0x0000000004786000 	C:\Program Files\MATLAB\MATLAB Production Server\R2012b\bin\win64\libmwMATLAB_res.dll
0x000000007a3b0000 - 0x000000007a3c0000 	C:\Program Files\MATLAB\MATLAB Production Server\R2012b\bin\win64\boost_date_time-vc90-mt-1_44.dll
0x000000007a250000 - 0x000000007a263000 	C:\Program Files\MATLAB\MATLAB Production Server\R2012b\bin\win64\boost_signals-vc90-mt-1_44.dll
0x000000007a2d0000 - 0x000000007a2e2000 	C:\Program Files\MATLAB\MATLAB Production Server\R2012b\bin\win64\boost_thread-vc90-mt-1_44.dll
0x0000000004190000 - 0x000000000424d000 	C:\Program Files\MATLAB\MATLAB Production Server\R2012b\bin\win64\boost_log-vc90-mt-1_44.dll
0x0000000077910000 - 0x0000000077917000 	C:\Windows\system32\PSAPI.DLL
0x000007fefdcc0000 - 0x000007fefdd0d000 	C:\Windows\system32\WS2_32.dll
0x000007fefdb70000 - 0x000007fefdb78000 	C:\Windows\system32\NSI.dll
0x0000000004260000 - 0x00000000042a6000 	C:\Program Files\MATLAB\MATLAB Production Server\R2012b\bin\win64\tbb.dll
0x000007fefdb80000 - 0x000007fefdb99000 	C:\Windows\system32\imagehlp.dll
0x0000000059780000 - 0x0000000059793000 	C:\Program Files\MATLAB\MATLAB Production Server\R2012b\bin\win64\icuio44.dll
0x000007feeed10000 - 0x000007feeee35000 	C:\Windows\system32\dbghelp.dll
0x0000000077530000 - 0x000000007762a000 	C:\Windows\system32\USER32.dll
0x000007feff280000 - 0x000007feff2e7000 	C:\Windows\system32\GDI32.dll
0x000007feff790000 - 0x000007feff79e000 	C:\Windows\system32\LPK.dll
0x000007fefe420000 - 0x000007fefe4ea000 	C:\Windows\system32\USP10.dll
0x0000000004790000 - 0x0000000004a6c000 	C:\Program Files\MATLAB\MATLAB Production Server\R2012b\bin\win64\libmwservices.dll
0x0000000075a20000 - 0x0000000075af3000 	C:\Program Files\MATLAB\MATLAB Production Server\R2012b\bin\win64\libmx.dll
0x0000000004a90000 - 0x0000000004ab9000 	C:\Program Files\MATLAB\MATLAB Production Server\R2012b\bin\win64\tbbmalloc.dll
0x000000007a210000 - 0x000000007a228000 	C:\Program Files\MATLAB\MATLAB Production Server\R2012b\bin\win64\zlib1.dll
0x0000000004ae0000 - 0x0000000004b2d000 	C:\Program Files\MATLAB\MATLAB Production Server\R2012b\bin\win64\libmwregexp.dll
0x0000000004b40000 - 0x0000000004b63000 	C:\Program Files\MATLAB\MATLAB Production Server\R2012b\bin\win64\libmwmfl_scalar.dll
0x0000000075f10000 - 0x0000000075f60000 	C:\Program Files\MATLAB\MATLAB Production Server\R2012b\bin\win64\mpath.dll
0x000000007b680000 - 0x000000007bc9a000 	C:\Program Files\MATLAB\MATLAB Production Server\R2012b\bin\win64\mlutil.dll
0x00000000754d0000 - 0x0000000075551000 	C:\Program Files\MATLAB\MATLAB Production Server\R2012b\bin\win64\xmlcore.dll
0x0000000004bb0000 - 0x0000000004e03000 	C:\Program Files\MATLAB\MATLAB Production Server\R2012b\bin\win64\xerces-c_2_7.dll
0x0000000004e20000 - 0x0000000004e40000 	C:\Program Files\MATLAB\MATLAB Production Server\R2012b\bin\win64\libmwMATLAB_settings_res.dll
0x0000000004e50000 - 0x0000000004e60000 	C:\Program Files\MATLAB\MATLAB Production Server\R2012b\bin\win64\boost_iostreams-vc90-mt-1_44.dll
0x0000000004e70000 - 0x0000000004eb7000 	C:\Program Files\MATLAB\MATLAB Production Server\R2012b\bin\win64\boost_serialization-vc90-mt-1_44.dll
0x000007fefe4f0000 - 0x000007feff279000 	C:\Windows\system32\SHELL32.dll
0x000007fefdba0000 - 0x000007fefdc11000 	C:\Windows\system32\SHLWAPI.dll
0x000007fef8df0000 - 0x000007fef8e90000 	C:\Windows\WinSxS\amd64_microsoft.windows.common-controls_6595b64144ccf1df_5.82.7601.18837_none_a4d981ff711297b6\COMCTL32.dll
0x000007feff630000 - 0x000007feff6c7000 	C:\Windows\system32\COMDLG32.dll
0x000007fefb740000 - 0x000007fefb756000 	C:\Windows\system32\NETAPI32.dll
0x000007fefb730000 - 0x000007fefb73c000 	C:\Windows\system32\netutils.dll
0x000007fefd100000 - 0x000007fefd123000 	C:\Windows\system32\srvcli.dll
0x000007fefb710000 - 0x000007fefb725000 	C:\Windows\system32\wkscli.dll
0x000007fefe210000 - 0x000007fefe413000 	C:\Windows\system32\ole32.dll
0x000007fefe130000 - 0x000007fefe20a000 	C:\Windows\system32\OLEAUT32.dll
0x0000000074970000 - 0x0000000074a31000 	C:\Program Files\MATLAB\MATLAB Production Server\R2012b\bin\win64\mcr.dll
0x0000000075000000 - 0x00000000753e9000 	C:\Program Files\MATLAB\MATLAB Production Server\R2012b\bin\win64\iqm.dll
0x0000000074e80000 - 0x0000000074f38000 	C:\Program Files\MATLAB\MATLAB Production Server\R2012b\bin\win64\m_dispatcher.dll
0x0000000074880000 - 0x000000007496d000 	C:\Program Files\MATLAB\MATLAB Production Server\R2012b\bin\win64\boost_regex-vc90-mt-1_44.dll
0x000007fedf240000 - 0x000007fedfab1000 	C:\Program Files\MATLAB\MATLAB Production Server\R2012b\bin\win64\m_interpreter.dll
0x0000000059750000 - 0x0000000059777000 	C:\Program Files\MATLAB\MATLAB Production Server\R2012b\bin\win64\libmex.dll
0x00000000592d0000 - 0x0000000059354000 	C:\Program Files\MATLAB\MATLAB Production Server\R2012b\bin\win64\profiler.dll
0x0000000004f40000 - 0x00000000051aa000 	C:\Program Files\MATLAB\MATLAB Production Server\R2012b\bin\win64\libmwmathutil.dll
0x0000000079f40000 - 0x0000000079f6e000 	C:\Program Files\MATLAB\MATLAB Production Server\R2012b\bin\win64\libmwmathrng.dll
0x00000000051d0000 - 0x00000000051e2000 	C:\Program Files\MATLAB\MATLAB Production Server\R2012b\bin\win64\libmwmfl_rng.dll
0x0000000074c10000 - 0x0000000074cee000 	C:\Program Files\MATLAB\MATLAB Production Server\R2012b\bin\win64\libmwmathcore.dll
0x0000000076160000 - 0x00000000761ca000 	C:\Program Files\MATLAB\MATLAB Production Server\R2012b\bin\win64\libmwspmatrix.dll
0x0000000075ea0000 - 0x0000000075f02000 	C:\Program Files\MATLAB\MATLAB Production Server\R2012b\bin\win64\libmwcholmod.dll
0x000000007a460000 - 0x000000007a46d000 	C:\Program Files\MATLAB\MATLAB Production Server\R2012b\bin\win64\libmwamd.dll
0x000000007a4b0000 - 0x000000007a4bc000 	C:\Program Files\MATLAB\MATLAB Production Server\R2012b\bin\win64\libmwcolamd.dll
0x000000007a290000 - 0x000000007a2a9000 	C:\Program Files\MATLAB\MATLAB Production Server\R2012b\bin\win64\libmwblas.dll
0x000000007a310000 - 0x000000007a321000 	C:\Program Files\MATLAB\MATLAB Production Server\R2012b\bin\win64\libmwbinder.dll
0x000000007a4d0000 - 0x000000007a4dc000 	C:\Program Files\MATLAB\MATLAB Production Server\R2012b\bin\win64\libmwompwrapper.dll
0x0000000005280000 - 0x0000000005305000 	C:\Program Files\MATLAB\MATLAB Production Server\R2012b\bin\win64\libmwlapack.dll
0x00000000592a0000 - 0x00000000592c1000 	C:\Program Files\MATLAB\MATLAB Production Server\R2012b\bin\win64\m_pcodeio.dll
0x0000000079b10000 - 0x0000000079b77000 	C:\Program Files\MATLAB\MATLAB Production Server\R2012b\bin\win64\m_ir.dll
0x0000000053750000 - 0x0000000053dc0000 	C:\Program Files\MATLAB\MATLAB Production Server\R2012b\bin\win64\m_parser.dll
0x0000000059280000 - 0x000000005929a000 	C:\Program Files\MATLAB\MATLAB Production Server\R2012b\bin\win64\ir_xfmr.dll
0x000007fee1100000 - 0x000007fee1396000 	C:\Program Files\MATLAB\MATLAB Production Server\R2012b\bin\win64\mcos.dll
0x0000000059260000 - 0x0000000059271000 	C:\Program Files\MATLAB\MATLAB Production Server\R2012b\bin\win64\mtok.dll
0x0000000057210000 - 0x0000000057241000 	C:\Program Files\MATLAB\MATLAB Production Server\R2012b\bin\win64\m_pcodegen.dll
0x0000000079fb0000 - 0x0000000079fe6000 	C:\Program Files\MATLAB\MATLAB Production Server\R2012b\bin\win64\libmwbridge.dll
0x0000000054e30000 - 0x0000000054ef8000 	C:\Program Files\MATLAB\MATLAB Production Server\R2012b\bin\win64\udd.dll
0x0000000054cd0000 - 0x0000000054e22000 	C:\Program Files\MATLAB\MATLAB Production Server\R2012b\bin\win64\libmwgui.dll
0x0000000055e50000 - 0x0000000055e67000 	C:\Program Files\MATLAB\MATLAB Production Server\R2012b\bin\win64\graphics_util.dll
0x0000000052cf0000 - 0x000000005374f000 	C:\Program Files\MATLAB\MATLAB Production Server\R2012b\bin\win64\hg.dll
0x00000000053e0000 - 0x0000000005448000 	C:\Program Files\MATLAB\MATLAB Production Server\R2012b\bin\win64\libmat.dll
0x0000000072d30000 - 0x0000000072f44000 	C:\Program Files\MATLAB\MATLAB Production Server\R2012b\bin\win64\hdf5dll.dll
0x0000000075710000 - 0x00000000757de000 	C:\Program Files\MATLAB\MATLAB Production Server\R2012b\bin\win64\jmi.dll
0x0000000005480000 - 0x000000000548d000 	C:\Program Files\MATLAB\MATLAB Production Server\R2012b\bin\win64\nativejava_services.dll
0x0000000055160000 - 0x00000000551a6000 	C:\Program Files\MATLAB\MATLAB Production Server\R2012b\bin\win64\libmwhardcopy.dll
0x0000000054c60000 - 0x0000000054cc3000 	C:\Program Files\MATLAB\MATLAB Production Server\R2012b\bin\win64\libuij.dll
0x0000000052410000 - 0x0000000052674000 	C:\Program Files\MATLAB\MATLAB Production Server\R2012b\bin\win64\hgdatatypes.dll
0x0000000054b40000 - 0x0000000054c5f000 	C:\Program Files\MATLAB\MATLAB Production Server\R2012b\bin\win64\hgutils.dll
0x0000000054a80000 - 0x0000000054b40000 	C:\Program Files\MATLAB\MATLAB Production Server\R2012b\bin\win64\udd_mi.dll
0x00000000054f0000 - 0x000000000552b000 	C:\Program Files\MATLAB\MATLAB Production Server\R2012b\bin\win64\libmwgbtutils.dll
0x0000000005540000 - 0x000000000555b000 	C:\Program Files\MATLAB\MATLAB Production Server\R2012b\bin\win64\libmwgbt.dll
0x0000000005570000 - 0x0000000005841000 	C:\Program Files\MATLAB\MATLAB Production Server\R2012b\bin\win64\uiw.dll
0x0000000059740000 - 0x000000005974f000 	C:\Program Files\MATLAB\MATLAB Production Server\R2012b\bin\win64\uinone.dll
0x0000000005870000 - 0x0000000005899000 	C:\Program Files\MATLAB\MATLAB Production Server\R2012b\bin\win64\libmwnativefiledialogs.dll
0x00000000058b0000 - 0x00000000058b8000 	C:\Program Files\MATLAB\MATLAB Production Server\R2012b\bin\win64\libmwplatform_res.dll
0x000007fef7ec0000 - 0x000007fef7ed8000 	C:\Windows\system32\MPR.dll
0x0000000051f20000 - 0x0000000052404000 	C:\Windows\WinSxS\amd64_microsoft.vc90.mfc_1fc8b3b9a1e18e3b_9.0.30729.6161_none_044aad0bab1eb146\mfc90.dll
0x000007fefb000000 - 0x000007fefb007000 	C:\Windows\system32\MSIMG32.dll
0x000007fef8fe0000 - 0x000007fef9051000 	C:\Windows\system32\WINSPOOL.DRV
0x0000000055e20000 - 0x0000000055e42000 	C:\Program Files\MATLAB\MATLAB Production Server\R2012b\bin\win64\mwoles05.DLL
0x0000000051ea0000 - 0x0000000051f1d000 	C:\Program Files\MATLAB\MATLAB Production Server\R2012b\bin\win64\comcli.dll
0x000000006ec50000 - 0x000000006ec7f000 	C:\Windows\WinSxS\amd64_microsoft.vc90.atl_1fc8b3b9a1e18e3b_9.0.30729.6161_none_0a1fd3a3a768b895\ATL90.DLL
0x0000000058cb0000 - 0x0000000058cbc000 	C:\Program Files\MATLAB\MATLAB Production Server\R2012b\bin\win64\mlautoregister.dll
0x000007fefe100000 - 0x000007fefe12e000 	C:\Windows\system32\IMM32.DLL
0x000007fefda60000 - 0x000007fefdb69000 	C:\Windows\system32\MSCTF.dll
0x000007fefbea0000 - 0x000007fefbef6000 	C:\Windows\system32\UxTheme.dll
0x000007fefc7e0000 - 0x000007fefc7f8000 	C:\Windows\system32\dwmapi.dll
0x000000006fcf0000 - 0x000000006fcf9000 	C:\Windows\WinSxS\amd64_microsoft.vc90.mfcloc_1fc8b3b9a1e18e3b_9.0.30729.6161_none_01c9581e60cbee58\MFC90CHS.DLL
0x0000000078870000 - 0x0000000078ecd000 	C:\Program Files\MATLAB\MATLAB Production Server\R2012b\sys\java\jre\win64\jre\bin\server\jvm.dll
0x000007fefb460000 - 0x000007fefb49b000 	C:\Windows\system32\WINMM.dll
0x000007fefd650000 - 0x000007fefd65f000 	C:\Windows\system32\profapi.dll
0x000007fefb400000 - 0x000007fefb415000 	C:\Windows\system32\NLAapi.dll
0x000007fef8d70000 - 0x000007fef8d85000 	C:\Windows\system32\napinsp.dll
0x000007fef8d50000 - 0x000007fef8d69000 	C:\Windows\system32\pnrpnsp.dll
0x000007fefce90000 - 0x000007fefcee5000 	C:\Windows\System32\mswsock.dll
0x000007fefcd10000 - 0x000007fefcd6b000 	C:\Windows\system32\DNSAPI.dll
0x000007fef8d00000 - 0x000007fef8d0b000 	C:\Windows\System32\winrnr.dll
0x000007fefd4f0000 - 0x000007fefd515000 	C:\Windows\system32\SspiCli.dll

VM Arguments:
jvm_args: -Xss512k -XX:PermSize=32m -Xms64m -XX:NewRatio=3 -XX:MaxPermSize=128m -Xmx196m -XX:MaxDirectMemorySize=2147400000 -Dsun.java2d.noddraw=true -Dsun.awt.nopixfmt=true -Xshare:off -Xrs -Dsun.awt.disableMixing=true -Xmx16000m -Djava.library.path=C:\Program Files\MATLAB\MATLAB Production Server\R2012b\bin\win64;C:\Program Files\MATLAB\MATLAB Production Server\R2012b\sys\jxbrowser\win64\lib vfprintf abort -Duser.language=en -Duser.country=US 
java_command: <unknown>
Launcher Type: generic

Environment Variables:
PATH=C:\Windows\system32;C:\Windows;C:\Windows\System32\Wbem;C:\Windows\System32\WindowsPowerShell\v1.0\;C:\Program Files\MATLAB\MATLAB Production Server\R2012b\runtime\win64;C:\Program Files\MATLAB\MATLAB Production Server\R2012b\bin
USERNAME=jzy
OS=Windows_NT
PROCESSOR_IDENTIFIER=Intel64 Family 6 Model 42 Stepping 7, GenuineIntel



---------------  S Y S T E M  ---------------

OS: Windows 7 Build 7601 Service Pack 1

CPU:total 8 (8 cores per cpu, 2 threads per core) family 6 model 42 stepping 7, cmov, cx8, fxsr, mmx, sse, sse2, sse3, ssse3, sse4.1, sse4.2, ht

Memory: 4k page, physical 16759080k(11762384k free), swap 33516300k(28309080k free)

vm_info: Java HotSpot(TM) 64-Bit Server VM (14.3-b01) for windows-amd64 JRE (1.6.0_17-b04), built on Oct 11 2009 00:46:08 by "java_re" with MS VC++ 8.0

time: Thu Apr 13 11:04:51 2017
elapsed time: 2251167 seconds

