#
# A fatal error has been detected by the Java Runtime Environment:
#
#  EXCEPTION_ACCESS_VIOLATION (0xc0000005) at pc=0x0000000078ce76e6, pid=8132, tid=10580
#
# JRE version: 6.0_17-b04
# Java VM: Java HotSpot(TM) 64-Bit Server VM (14.3-b01 mixed mode windows-amd64 )
# Problematic frame:
# C  0x0000000078ce76e6
#
# If you would like to submit a bug report, please visit:
#   http://java.sun.com/webapps/bugreport/crash.jsp
#

---------------  T H R E A D  ---------------

Current thread (0x00000000722a0000):  JavaThread "Main message loop" daemon [_thread_in_vm, id=10580, stack(0x000000001de20000,0x000000001dea0000)]

siginfo: ExceptionCode=0xc0000005, writing address 0x000007fee0907f40

Registers:
EAX=0x00000000722a0000, EBX=0x00000000722a0000, ECX=0x000000000000002f, EDX=0x000000001de8d468
ESP=0x000000001de8d360, EBP=0x000000001de8d428, ESI=0x000007fee0907f40, EDI=0x11cf98b53050f1ff
EIP=0x0000000078ce76e6, EFLAGS=0x0000000000010246

Top of Stack: (sp=0x000000001de8d360)
0x000000001de8d360:   00000000000000b9 00000000722a0000
0x000000001de8d370:   000000001de8d628 000000007895004e
0x000000001de8d380:   0000000032f95969 0000000185432738
0x000000001de8d390:   00000001800fdba8 0000000032fa1588
0x000000001de8d3a0:   00000000961bf010 0000000078a62f28
0x000000001de8d3b0:   00000000961beca0 00000000961becc0
0x000000001de8d3c0:   00000000961becc8 00000000961bece0
0x000000001de8d3d0:   00000000fffffffc 00000000722a0000
0x000000001de8d3e0:   00000000722a0000 000000001de8d3e8
0x000000001de8d3f0:   0000000000000000 000000001de8d468
0x000000001de8d400:   0000000180100b78 0000000000000000
0x000000001de8d410:   00000001800fdba8 0000000000000000
0x000000001de8d420:   000000001de8d448 000000001de8d4b0
0x000000001de8d430:   0000000032f95ac2 0000000000000000
0x000000001de8d440:   0000000032f9de58 11cf98b53050f1ff
0x000000001de8d450:   0000000000000000 000007fee0907f40 

Instructions: (pc=0x0000000078ce76e6)
0x0000000078ce76d6:   7c 02 00 40 f6 c6 07 c6 80 3c 02 00 00 01 75 05
0x0000000078ce76e6:   48 89 3e eb 09 89 3e 48 c1 ef 20 89 7e 04 c6 80 


Stack: [0x000000001de20000,0x000000001dea0000],  sp=0x000000001de8d360,  free space=436k
Native frames: (J=compiled Java code, j=interpreted, Vv=VM code, C=native code)
C  0x0000000078ce76e6
j  java.nio.DirectByteBuffer.putLong(JJ)Ljava/nio/ByteBuffer;+30
j  java.nio.DirectByteBuffer.putLong(IJ)Ljava/nio/ByteBuffer;+13
j  com.jniwrapper.g.writePointer(IJ)V+15
j  com.jniwrapper.win32.automation.types.SafeArray.setHandle(J)V+9
j  com.jniwrapper.win32.automation.types.SafeArray.a(J)V+8
j  com.jniwrapper.win32.automation.types.SafeArray.acceptIOPerformer(Lcom/jniwrapper/IOPerformer;Lcom/jniwrapper/DataBuffer;IZZ)V+21
j  com.jniwrapper.Pointer.readReferencedObject(Z)V+21
j  com.jniwrapper.Pointer.read(Lcom/jniwrapper/DataBuffer;IZ)V+21
j  com.jniwrapper.win32.automation.types.Variant.b(Lcom/jniwrapper/DataBuffer;IZILcom/jniwrapper/Parameter;)V+61
j  com.jniwrapper.win32.automation.types.Variant.read(Lcom/jniwrapper/DataBuffer;IZ)V+35
j  com.jniwrapper.win32.automation.types.Variant.acceptIOPerformer(Lcom/jniwrapper/IOPerformer;Lcom/jniwrapper/DataBuffer;IZZ)V+21
j  com.jniwrapper.Pointer.readReferencedObject(Z)V+21
j  com.jniwrapper.Pointer.read(Lcom/jniwrapper/DataBuffer;IZ)V+21
j  com.jniwrapper.Pointer.pop(Lcom/jniwrapper/DataBuffer;IZ)V+14

Java frames: (J=compiled Java code, j=interpreted, Vv=VM code)
j  sun.misc.Unsafe.putLong(JJ)V+0
j  java.nio.DirectByteBuffer.putLong(JJ)Ljava/nio/ByteBuffer;+30
j  java.nio.DirectByteBuffer.putLong(IJ)Ljava/nio/ByteBuffer;+13
j  com.jniwrapper.g.writePointer(IJ)V+15
j  com.jniwrapper.win32.automation.types.SafeArray.setHandle(J)V+9
j  com.jniwrapper.win32.automation.types.SafeArray.a(J)V+8
j  com.jniwrapper.win32.automation.types.SafeArray.acceptIOPerformer(Lcom/jniwrapper/IOPerformer;Lcom/jniwrapper/DataBuffer;IZZ)V+21
j  com.jniwrapper.Pointer.readReferencedObject(Z)V+21
j  com.jniwrapper.Pointer.read(Lcom/jniwrapper/DataBuffer;IZ)V+21
j  com.jniwrapper.win32.automation.types.Variant.b(Lcom/jniwrapper/DataBuffer;IZILcom/jniwrapper/Parameter;)V+61
j  com.jniwrapper.win32.automation.types.Variant.read(Lcom/jniwrapper/DataBuffer;IZ)V+35
j  com.jniwrapper.win32.automation.types.Variant.acceptIOPerformer(Lcom/jniwrapper/IOPerformer;Lcom/jniwrapper/DataBuffer;IZZ)V+21
j  com.jniwrapper.Pointer.readReferencedObject(Z)V+21
j  com.jniwrapper.Pointer.read(Lcom/jniwrapper/DataBuffer;IZ)V+21
j  com.jniwrapper.Pointer.pop(Lcom/jniwrapper/DataBuffer;IZ)V+14
J  com.jniwrapper.Parameter.b(Lcom/jniwrapper/DataBuffer;IZ)V
J  com.jniwrapper.Callback.enterPoint(JI)J
v  ~StubRoutines::call_stub
j  com.jniwrapper.Function.invokeCFunc(JJB[BII[II)I+0
J  com.jniwrapper.FunctionCall.a(ZJJJIBLcom/jniwrapper/Parameter;[Lcom/jniwrapper/Parameter;)J
j  com.jniwrapper.FunctionCall.call(JJBLcom/jniwrapper/Parameter;[Lcom/jniwrapper/Parameter;)J+11
j  com.jniwrapper.Function.invoke(Lcom/jniwrapper/Parameter;[Lcom/jniwrapper/Parameter;)J+24
j  com.jniwrapper.Function.invoke(Lcom/jniwrapper/Parameter;Lcom/jniwrapper/Parameter;)J+10
j  com.jniwrapper.win32.MessageLoopThread$LoopThread.run()V+299
v  ~StubRoutines::call_stub

---------------  P R O C E S S  ---------------

Java Threads: ( => current thread )
  0x00000000722a1800 JavaThread "Timer-266" daemon [_thread_blocked, id=12284, stack(0x000000001df60000,0x000000001dfe0000)]
=>0x00000000722a0000 JavaThread "Main message loop" daemon [_thread_in_vm, id=10580, stack(0x000000001de20000,0x000000001dea0000)]
  0x000000007229b800 JavaThread "com.jniwrapper.NativeResourceCollector" daemon [_thread_blocked, id=4884, stack(0x000000001f160000,0x000000001f1e0000)]
  0x00000000722a0800 JavaThread "Inactive RequestProcessor thread [Was:TimedSoftReference/org.openide.util.TimedSoftReference]" daemon [_thread_blocked, id=4932, stack(0x000000001deb0000,0x000000001df30000)]
  0x000000007229e000 JavaThread "Code Analyzer updating thread" [_thread_blocked, id=7132, stack(0x000000001e8d0000,0x000000001e950000)]
  0x000000007229f800 JavaThread "Timer-189" [_thread_blocked, id=5512, stack(0x0000000008c70000,0x0000000008cf0000)]
  0x000000007229e800 JavaThread "pool-5-thread-1" [_thread_blocked, id=11244, stack(0x0000000008850000,0x00000000088d0000)]
  0x0000000060db2800 JavaThread "Prefs Updater" daemon [_thread_blocked, id=11296, stack(0x0000000071150000,0x00000000711d0000)]
  0x000000007229b000 JavaThread "Thread-112" [_thread_blocked, id=12132, stack(0x0000000031c00000,0x0000000031c80000)]
  0x0000000060dbe000 JavaThread "Swing-Shell" daemon [_thread_blocked, id=10084, stack(0x000000002e040000,0x000000002e0c0000)]
  0x0000000060dbc800 JavaThread "Code Analyzer updating thread" [_thread_blocked, id=10340, stack(0x0000000061780000,0x0000000061800000)]
  0x0000000060dbc000 JavaThread "Code Analyzer updating thread" [_thread_blocked, id=3552, stack(0x0000000067b90000,0x0000000067c10000)]
  0x0000000060dbb000 JavaThread "Code Analyzer updating thread" [_thread_blocked, id=12064, stack(0x0000000061990000,0x0000000061a10000)]
  0x0000000060dba800 JavaThread "Code Analyzer updating thread" [_thread_blocked, id=12052, stack(0x0000000063900000,0x0000000063980000)]
  0x0000000060db9800 JavaThread "Code Analyzer updating thread" [_thread_blocked, id=6012, stack(0x0000000061810000,0x0000000061890000)]
  0x0000000060db9000 JavaThread "Code Analyzer updating thread" [_thread_blocked, id=9404, stack(0x0000000061660000,0x00000000616e0000)]
  0x0000000060db7800 JavaThread "Active Reference Queue Daemon" daemon [_thread_blocked, id=4980, stack(0x00000000615a0000,0x0000000061620000)]
  0x0000000060db6800 JavaThread "Timer-8" daemon [_thread_blocked, id=1012, stack(0x00000000616e0000,0x0000000061760000)]
  0x0000000060db8000 JavaThread "Timer-7" daemon [_thread_blocked, id=9952, stack(0x0000000067ae0000,0x0000000067b60000)]
  0x0000000060db6000 JavaThread "Explorer NavigationContext request queue" [_thread_blocked, id=5156, stack(0x0000000067a60000,0x0000000067ae0000)]
  0x0000000060db4000 JavaThread "AddressBar directory emptiness poller" [_thread_blocked, id=11800, stack(0x0000000062a70000,0x0000000062af0000)]
  0x0000000060db3000 JavaThread "Explorer Refresh Service 1553639268" [_thread_blocked, id=10612, stack(0x0000000062b20000,0x0000000062ba0000)]
  0x0000000060db1800 JavaThread "Timer-1" daemon [_thread_blocked, id=6016, stack(0x0000000062480000,0x0000000062500000)]
  0x0000000060db1000 JavaThread "TimerQueue" daemon [_thread_blocked, id=5284, stack(0x0000000061900000,0x0000000061980000)]
  0x0000000060db0000 JavaThread "Thread-5" daemon [_thread_blocked, id=10188, stack(0x000000005f310000,0x000000005f390000)]
  0x0000000060daf800 JavaThread "FelixPackageAdmin" daemon [_thread_blocked, id=9704, stack(0x000000005f610000,0x000000005f690000)]
  0x0000000060ee3000 JavaThread "FelixStartLevel" daemon [_thread_blocked, id=9072, stack(0x000000005f530000,0x000000005f5b0000)]
  0x0000000060f10000 JavaThread "FelixDispatchQueue" daemon [_thread_blocked, id=10476, stack(0x000000005e810000,0x000000005e890000)]
  0x0000000060b81800 JavaThread "AWT-EventQueue-0" [_thread_blocked, id=4552, stack(0x000000004db70000,0x000000004dbf0000)]
  0x0000000060b80000 JavaThread "com.google.common.base.internal.Finalizer" daemon [_thread_blocked, id=8796, stack(0x000000005e760000,0x000000005e7e0000)]
  0x0000000060b1c800 JavaThread "AWT-Windows" daemon [_thread_in_native, id=10940, stack(0x000000005e540000,0x000000005e5c0000)]
  0x0000000060b1b800 JavaThread "AWT-Shutdown" [_thread_blocked, id=2408, stack(0x000000005e5d0000,0x000000005e650000)]
  0x0000000059fe5800 JavaThread "Java2D Disposer" daemon [_thread_blocked, id=5592, stack(0x000000005a040000,0x000000005a0c0000)]
  0x0000000060777000 JavaThread "Timer-0" [_thread_blocked, id=7384, stack(0x0000000039810000,0x0000000039890000)]
  0x000000005e510000 JavaThread "EventMgr Dispatcher" daemon [_thread_in_native, id=9076, stack(0x0000000009010000,0x000000000d010000)]
  0x0000000059fee800 JavaThread "Low Memory Detector" daemon [_thread_blocked, id=4292, stack(0x0000000055cf0000,0x0000000055d70000)]
  0x0000000059fea000 JavaThread "CompilerThread1" daemon [_thread_blocked, id=3812, stack(0x00000000688c0000,0x000000006c8c0000)]
  0x0000000059f9f000 JavaThread "CompilerThread0" daemon [_thread_blocked, id=4104, stack(0x0000000063a30000,0x0000000067a30000)]
  0x0000000059f9c000 JavaThread "Attach Listener" daemon [_thread_blocked, id=11760, stack(0x0000000041910000,0x0000000041990000)]
  0x0000000059f83000 JavaThread "Finalizer" daemon [_thread_blocked, id=9816, stack(0x0000000049a20000,0x0000000049aa0000)]
  0x0000000059f7e000 JavaThread "Reference Handler" daemon [_thread_blocked, id=10420, stack(0x0000000039780000,0x0000000039800000)]
  0x0000000005c38000 JavaThread "main" [_thread_in_native, id=9232, stack(0x00000000001b0000,0x00000000041b0000)]

Other Threads:
  0x0000000059f79000 VMThread [stack: 0x000000005a130000,0x000000005e130000] [id=8332]
  0x000000005a01e000 WatcherThread [stack: 0x0000000080080000,0x0000000084080000] [id=8684]

VM state:not at safepoint (normal execution)

VM Mutex/Monitor currently owned by a thread: None

Heap
 PSYoungGen      total 164544K, used 125584K [0x0000000476010000, 0x0000000487400000, 0x0000000570010000)
  eden space 149760K, 73% used [0x0000000476010000,0x000000047cc471e0,0x000000047f250000)
  from space 14784K, 99% used [0x0000000486590000,0x00000004873fd198,0x0000000487400000)
  to   space 21568K, 0% used [0x00000004849e0000,0x00000004849e0000,0x0000000485ef0000)
 PSOldGen        total 217216K, used 143231K [0x0000000188010000, 0x0000000195430000, 0x0000000476010000)
  object space 217216K, 65% used [0x0000000188010000,0x0000000190beff90,0x0000000195430000)
 PSPermGen       total 130688K, used 89542K [0x0000000180010000, 0x0000000187fb0000, 0x0000000188010000)
  object space 130688K, 68% used [0x0000000180010000,0x0000000185781b40,0x0000000187fb0000)

Dynamic libraries:
0x000000013fa40000 - 0x000000013fa6d000 	C:\Program Files\MATLAB\MATLAB Production Server\R2012b\bin\win64\MATLAB.exe
0x0000000077770000 - 0x0000000077919000 	C:\Windows\SYSTEM32\ntdll.dll
0x0000000077650000 - 0x000000007776f000 	C:\Windows\system32\kernel32.dll
0x000007fefd730000 - 0x000007fefd79c000 	C:\Windows\system32\KERNELBASE.dll
0x0000000074460000 - 0x000000007451f000 	C:\Program Files\MATLAB\MATLAB Production Server\R2012b\bin\win64\libut.dll
0x00000000758a0000 - 0x000000007595c000 	C:\Program Files\MATLAB\MATLAB Production Server\R2012b\bin\win64\libmwi18n.dll
0x0000000180000000 - 0x000000018000b000 	C:\Program Files\MATLAB\MATLAB Production Server\R2012b\bin\win64\libmwresource_core.dll
0x00000000714c0000 - 0x0000000071593000 	C:\Windows\WinSxS\amd64_microsoft.vc90.crt_1fc8b3b9a1e18e3b_9.0.30729.6161_none_08e61857a83bc251\MSVCP90.dll
0x00000000715a0000 - 0x0000000071643000 	C:\Windows\WinSxS\amd64_microsoft.vc90.crt_1fc8b3b9a1e18e3b_9.0.30729.6161_none_08e61857a83bc251\MSVCR90.dll
0x000000007a170000 - 0x000000007a19c000 	C:\Program Files\MATLAB\MATLAB Production Server\R2012b\bin\win64\boost_filesystem-vc90-mt-1_44.dll
0x000000007a560000 - 0x000000007a569000 	C:\Program Files\MATLAB\MATLAB Production Server\R2012b\bin\win64\boost_system-vc90-mt-1_44.dll
0x000007fefe7b0000 - 0x000007fefe88b000 	C:\Windows\system32\ADVAPI32.dll
0x000007fefda70000 - 0x000007fefdb0f000 	C:\Windows\system32\msvcrt.dll
0x000007fefde50000 - 0x000007fefde6f000 	C:\Windows\SYSTEM32\sechost.dll
0x000007feff830000 - 0x000007feff95d000 	C:\Windows\system32\RPCRT4.dll
0x000000007a010000 - 0x000000007a035000 	C:\Program Files\MATLAB\MATLAB Production Server\R2012b\bin\win64\LIBEXPAT.dll
0x0000000068640000 - 0x0000000068831000 	C:\Program Files\MATLAB\MATLAB Production Server\R2012b\bin\win64\icuin44.dll
0x0000000074af0000 - 0x0000000074c61000 	C:\Program Files\MATLAB\MATLAB Production Server\R2012b\bin\win64\icuuc44.dll
0x0000000010000000 - 0x0000000010e41000 	C:\Program Files\MATLAB\MATLAB Production Server\R2012b\bin\win64\icudt44.dll
0x0000000073f70000 - 0x000000007411d000 	C:\Program Files\MATLAB\MATLAB Production Server\R2012b\bin\win64\libmwfl.dll
0x00000000043c0000 - 0x0000000004776000 	C:\Program Files\MATLAB\MATLAB Production Server\R2012b\bin\win64\libmwMATLAB_res.dll
0x000000007a3b0000 - 0x000000007a3c0000 	C:\Program Files\MATLAB\MATLAB Production Server\R2012b\bin\win64\boost_date_time-vc90-mt-1_44.dll
0x000000007a250000 - 0x000000007a263000 	C:\Program Files\MATLAB\MATLAB Production Server\R2012b\bin\win64\boost_signals-vc90-mt-1_44.dll
0x000000007a2d0000 - 0x000000007a2e2000 	C:\Program Files\MATLAB\MATLAB Production Server\R2012b\bin\win64\boost_thread-vc90-mt-1_44.dll
0x00000000041b0000 - 0x000000000426d000 	C:\Program Files\MATLAB\MATLAB Production Server\R2012b\bin\win64\boost_log-vc90-mt-1_44.dll
0x0000000077940000 - 0x0000000077947000 	C:\Windows\system32\PSAPI.DLL
0x000007fefdea0000 - 0x000007fefdeed000 	C:\Windows\system32\WS2_32.dll
0x000007fefd9c0000 - 0x000007fefd9c8000 	C:\Windows\system32\NSI.dll
0x0000000004270000 - 0x00000000042b6000 	C:\Program Files\MATLAB\MATLAB Production Server\R2012b\bin\win64\tbb.dll
0x000007fefde70000 - 0x000007fefde89000 	C:\Windows\system32\imagehlp.dll
0x0000000074a90000 - 0x0000000074aa3000 	C:\Program Files\MATLAB\MATLAB Production Server\R2012b\bin\win64\icuio44.dll
0x000007fef0720000 - 0x000007fef0845000 	C:\Windows\system32\dbghelp.dll
0x0000000077550000 - 0x000000007764a000 	C:\Windows\system32\USER32.dll
0x000007fefdb10000 - 0x000007fefdb77000 	C:\Windows\system32\GDI32.dll
0x000007fefde90000 - 0x000007fefde9e000 	C:\Windows\system32\LPK.dll
0x000007fefe000000 - 0x000007fefe0c9000 	C:\Windows\system32\USP10.dll
0x0000000004790000 - 0x0000000004a6c000 	C:\Program Files\MATLAB\MATLAB Production Server\R2012b\bin\win64\libmwservices.dll
0x0000000075a20000 - 0x0000000075af3000 	C:\Program Files\MATLAB\MATLAB Production Server\R2012b\bin\win64\libmx.dll
0x0000000004a90000 - 0x0000000004ab9000 	C:\Program Files\MATLAB\MATLAB Production Server\R2012b\bin\win64\tbbmalloc.dll
0x000000007a210000 - 0x000000007a228000 	C:\Program Files\MATLAB\MATLAB Production Server\R2012b\bin\win64\zlib1.dll
0x0000000004ae0000 - 0x0000000004b2d000 	C:\Program Files\MATLAB\MATLAB Production Server\R2012b\bin\win64\libmwregexp.dll
0x0000000004b40000 - 0x0000000004b63000 	C:\Program Files\MATLAB\MATLAB Production Server\R2012b\bin\win64\libmwmfl_scalar.dll
0x0000000075f10000 - 0x0000000075f60000 	C:\Program Files\MATLAB\MATLAB Production Server\R2012b\bin\win64\mpath.dll
0x000000007b680000 - 0x000000007bc9a000 	C:\Program Files\MATLAB\MATLAB Production Server\R2012b\bin\win64\mlutil.dll
0x00000000754d0000 - 0x0000000075551000 	C:\Program Files\MATLAB\MATLAB Production Server\R2012b\bin\win64\xmlcore.dll
0x0000000004bb0000 - 0x0000000004e03000 	C:\Program Files\MATLAB\MATLAB Production Server\R2012b\bin\win64\xerces-c_2_7.dll
0x0000000004e20000 - 0x0000000004e40000 	C:\Program Files\MATLAB\MATLAB Production Server\R2012b\bin\win64\libmwMATLAB_settings_res.dll
0x0000000004e50000 - 0x0000000004e60000 	C:\Program Files\MATLAB\MATLAB Production Server\R2012b\bin\win64\boost_iostreams-vc90-mt-1_44.dll
0x0000000004e70000 - 0x0000000004eb7000 	C:\Program Files\MATLAB\MATLAB Production Server\R2012b\bin\win64\boost_serialization-vc90-mt-1_44.dll
0x000007fefeaa0000 - 0x000007feff829000 	C:\Windows\system32\SHELL32.dll
0x000007fefea20000 - 0x000007fefea91000 	C:\Windows\system32\SHLWAPI.dll
0x000007fef3ce0000 - 0x000007fef3d80000 	C:\Windows\WinSxS\amd64_microsoft.windows.common-controls_6595b64144ccf1df_5.82.7601.18837_none_a4d981ff711297b6\COMCTL32.dll
0x000007feff960000 - 0x000007feff9f7000 	C:\Windows\system32\COMDLG32.dll
0x000007fefafd0000 - 0x000007fefafe6000 	C:\Windows\system32\NETAPI32.dll
0x000007fefaf40000 - 0x000007fefaf4c000 	C:\Windows\system32\netutils.dll
0x000007fefcf30000 - 0x000007fefcf53000 	C:\Windows\system32\srvcli.dll
0x000007fefaf20000 - 0x000007fefaf35000 	C:\Windows\system32\wkscli.dll
0x000007fefe130000 - 0x000007fefe333000 	C:\Windows\system32\ole32.dll
0x000007fefd8e0000 - 0x000007fefd9b7000 	C:\Windows\system32\OLEAUT32.dll
0x0000000074970000 - 0x0000000074a31000 	C:\Program Files\MATLAB\MATLAB Production Server\R2012b\bin\win64\mcr.dll
0x0000000075000000 - 0x00000000753e9000 	C:\Program Files\MATLAB\MATLAB Production Server\R2012b\bin\win64\iqm.dll
0x0000000074e80000 - 0x0000000074f38000 	C:\Program Files\MATLAB\MATLAB Production Server\R2012b\bin\win64\m_dispatcher.dll
0x0000000074880000 - 0x000000007496d000 	C:\Program Files\MATLAB\MATLAB Production Server\R2012b\bin\win64\boost_regex-vc90-mt-1_44.dll
0x000007feea7b0000 - 0x000007feeb021000 	C:\Program Files\MATLAB\MATLAB Production Server\R2012b\bin\win64\m_interpreter.dll
0x0000000074a60000 - 0x0000000074a87000 	C:\Program Files\MATLAB\MATLAB Production Server\R2012b\bin\win64\libmex.dll
0x0000000070a60000 - 0x0000000070ae4000 	C:\Program Files\MATLAB\MATLAB Production Server\R2012b\bin\win64\profiler.dll
0x0000000004f40000 - 0x00000000051aa000 	C:\Program Files\MATLAB\MATLAB Production Server\R2012b\bin\win64\libmwmathutil.dll
0x0000000079f40000 - 0x0000000079f6e000 	C:\Program Files\MATLAB\MATLAB Production Server\R2012b\bin\win64\libmwmathrng.dll
0x00000000051d0000 - 0x00000000051e2000 	C:\Program Files\MATLAB\MATLAB Production Server\R2012b\bin\win64\libmwmfl_rng.dll
0x0000000005200000 - 0x00000000052de000 	C:\Program Files\MATLAB\MATLAB Production Server\R2012b\bin\win64\libmwmathcore.dll
0x0000000076160000 - 0x00000000761ca000 	C:\Program Files\MATLAB\MATLAB Production Server\R2012b\bin\win64\libmwspmatrix.dll
0x0000000075ea0000 - 0x0000000075f02000 	C:\Program Files\MATLAB\MATLAB Production Server\R2012b\bin\win64\libmwcholmod.dll
0x000000007a460000 - 0x000000007a46d000 	C:\Program Files\MATLAB\MATLAB Production Server\R2012b\bin\win64\libmwamd.dll
0x000000007a4b0000 - 0x000000007a4bc000 	C:\Program Files\MATLAB\MATLAB Production Server\R2012b\bin\win64\libmwcolamd.dll
0x000000007a290000 - 0x000000007a2a9000 	C:\Program Files\MATLAB\MATLAB Production Server\R2012b\bin\win64\libmwblas.dll
0x000000007a310000 - 0x000000007a321000 	C:\Program Files\MATLAB\MATLAB Production Server\R2012b\bin\win64\libmwbinder.dll
0x000000007a4d0000 - 0x000000007a4dc000 	C:\Program Files\MATLAB\MATLAB Production Server\R2012b\bin\win64\libmwompwrapper.dll
0x0000000005360000 - 0x00000000053e5000 	C:\Program Files\MATLAB\MATLAB Production Server\R2012b\bin\win64\libmwlapack.dll
0x0000000005400000 - 0x0000000005421000 	C:\Program Files\MATLAB\MATLAB Production Server\R2012b\bin\win64\m_pcodeio.dll
0x0000000079b10000 - 0x0000000079b77000 	C:\Program Files\MATLAB\MATLAB Production Server\R2012b\bin\win64\m_ir.dll
0x0000000063280000 - 0x00000000638f0000 	C:\Program Files\MATLAB\MATLAB Production Server\R2012b\bin\win64\m_parser.dll
0x0000000005460000 - 0x000000000547a000 	C:\Program Files\MATLAB\MATLAB Production Server\R2012b\bin\win64\ir_xfmr.dll
0x000007feee780000 - 0x000007feeea16000 	C:\Program Files\MATLAB\MATLAB Production Server\R2012b\bin\win64\mcos.dll
0x00000000054a0000 - 0x00000000054b1000 	C:\Program Files\MATLAB\MATLAB Production Server\R2012b\bin\win64\mtok.dll
0x0000000071880000 - 0x00000000718b1000 	C:\Program Files\MATLAB\MATLAB Production Server\R2012b\bin\win64\m_pcodegen.dll
0x0000000079fb0000 - 0x0000000079fe6000 	C:\Program Files\MATLAB\MATLAB Production Server\R2012b\bin\win64\libmwbridge.dll
0x0000000070990000 - 0x0000000070a58000 	C:\Program Files\MATLAB\MATLAB Production Server\R2012b\bin\win64\udd.dll
0x0000000063120000 - 0x0000000063272000 	C:\Program Files\MATLAB\MATLAB Production Server\R2012b\bin\win64\libmwgui.dll
0x0000000073c70000 - 0x0000000073c87000 	C:\Program Files\MATLAB\MATLAB Production Server\R2012b\bin\win64\graphics_util.dll
0x000000005e8b0000 - 0x000000005f30f000 	C:\Program Files\MATLAB\MATLAB Production Server\R2012b\bin\win64\hg.dll
0x0000000005530000 - 0x0000000005598000 	C:\Program Files\MATLAB\MATLAB Production Server\R2012b\bin\win64\libmat.dll
0x0000000072d30000 - 0x0000000072f44000 	C:\Program Files\MATLAB\MATLAB Production Server\R2012b\bin\win64\hdf5dll.dll
0x0000000075710000 - 0x00000000757de000 	C:\Program Files\MATLAB\MATLAB Production Server\R2012b\bin\win64\jmi.dll
0x00000000055d0000 - 0x00000000055dd000 	C:\Program Files\MATLAB\MATLAB Production Server\R2012b\bin\win64\nativejava_services.dll
0x0000000070940000 - 0x0000000070986000 	C:\Program Files\MATLAB\MATLAB Production Server\R2012b\bin\win64\libmwhardcopy.dll
0x000000006f660000 - 0x000000006f6c3000 	C:\Program Files\MATLAB\MATLAB Production Server\R2012b\bin\win64\libuij.dll
0x0000000062eb0000 - 0x0000000063114000 	C:\Program Files\MATLAB\MATLAB Production Server\R2012b\bin\win64\hgdatatypes.dll
0x0000000062d90000 - 0x0000000062eaf000 	C:\Program Files\MATLAB\MATLAB Production Server\R2012b\bin\win64\hgutils.dll
0x000000006d2f0000 - 0x000000006d3b0000 	C:\Program Files\MATLAB\MATLAB Production Server\R2012b\bin\win64\udd_mi.dll
0x0000000005640000 - 0x000000000567b000 	C:\Program Files\MATLAB\MATLAB Production Server\R2012b\bin\win64\libmwgbtutils.dll
0x0000000005690000 - 0x00000000056ab000 	C:\Program Files\MATLAB\MATLAB Production Server\R2012b\bin\win64\libmwgbt.dll
0x00000000056c0000 - 0x0000000005991000 	C:\Program Files\MATLAB\MATLAB Production Server\R2012b\bin\win64\uiw.dll
0x00000000059b0000 - 0x00000000059bf000 	C:\Program Files\MATLAB\MATLAB Production Server\R2012b\bin\win64\uinone.dll
0x00000000059d0000 - 0x00000000059f9000 	C:\Program Files\MATLAB\MATLAB Production Server\R2012b\bin\win64\libmwnativefiledialogs.dll
0x0000000005a10000 - 0x0000000005a18000 	C:\Program Files\MATLAB\MATLAB Production Server\R2012b\bin\win64\libmwplatform_res.dll
0x000007fef84f0000 - 0x000007fef8508000 	C:\Windows\system32\MPR.dll
0x000000005f880000 - 0x000000005fd64000 	C:\Windows\WinSxS\amd64_microsoft.vc90.mfc_1fc8b3b9a1e18e3b_9.0.30729.6161_none_044aad0bab1eb146\mfc90.dll
0x000007fefaa70000 - 0x000007fefaa77000 	C:\Windows\system32\MSIMG32.dll
0x000007fef7b30000 - 0x000007fef7ba1000 	C:\Windows\system32\WINSPOOL.DRV
0x0000000071850000 - 0x0000000071872000 	C:\Program Files\MATLAB\MATLAB Production Server\R2012b\bin\win64\mwoles05.DLL
0x000000006efa0000 - 0x000000006f01d000 	C:\Program Files\MATLAB\MATLAB Production Server\R2012b\bin\win64\comcli.dll
0x0000000071490000 - 0x00000000714bf000 	C:\Windows\WinSxS\amd64_microsoft.vc90.atl_1fc8b3b9a1e18e3b_9.0.30729.6161_none_0a1fd3a3a768b895\ATL90.DLL
0x0000000005a50000 - 0x0000000005a5c000 	C:\Program Files\MATLAB\MATLAB Production Server\R2012b\bin\win64\mlautoregister.dll
0x000007fefe780000 - 0x000007fefe7ae000 	C:\Windows\system32\IMM32.DLL
0x000007fefdef0000 - 0x000007fefdff9000 	C:\Windows\system32\MSCTF.dll
0x000007fefbed0000 - 0x000007fefbf26000 	C:\Windows\system32\UxTheme.dll
0x000007fefc5a0000 - 0x000007fefc5b8000 	C:\Windows\system32\dwmapi.dll
0x0000000073c60000 - 0x0000000073c6d000 	C:\Windows\WinSxS\amd64_microsoft.vc90.mfcloc_1fc8b3b9a1e18e3b_9.0.30729.6161_none_01c9581e60cbee58\MFC90ENU.DLL
0x000007fef1990000 - 0x000007fef19b8000 	C:\Program Files (x86)\Raptr\ltc_help64-103398.dll
0x000007fefd7c0000 - 0x000007fefd7fb000 	C:\Windows\system32\WINTRUST.dll
0x000007fefd5c0000 - 0x000007fefd72d000 	C:\Windows\system32\CRYPT32.dll
0x000007fefd530000 - 0x000007fefd53f000 	C:\Windows\system32\MSASN1.dll
0x000007fefd3d0000 - 0x000007fefd427000 	C:\Windows\system32\apphelp.dll
0x000007fef5210000 - 0x000007fef5a5c000 	C:\Windows\system32\SOGOUPY.IME
0x000007fefad40000 - 0x000007fefad94000 	C:\Windows\system32\OLEACC.dll
0x000007fefb6a0000 - 0x000007fefb6cd000 	C:\Windows\system32\ntmarta.dll
0x000007fefe0d0000 - 0x000007fefe122000 	C:\Windows\system32\WLDAP32.dll
0x000007fefc5f0000 - 0x000007fefc5fc000 	C:\Windows\system32\VERSION.dll

VM Arguments:
jvm_args: -Xss512k -XX:PermSize=32m -Xms64m -XX:NewRatio=3 -XX:MaxPermSize=128m -Xmx196m -XX:MaxDirectMemorySize=2147400000 -Dsun.java2d.noddraw=true -Dsun.awt.nopixfmt=true -Xshare:off -Xrs -Dsun.awt.disableMixing=true -Xmx16000m -Djava.library.path=C:\Program Files\MATLAB\MATLAB Production Server\R2012b\bin\win64;C:\Program Files\MATLAB\MATLAB Production Server\R2012b\sys\jxbrowser\win64\lib vfprintf abort -Duser.language=en -Duser.country=US 
java_command: <unknown>
Launcher Type: generic

Environment Variables:
PATH=C:\Program Files (x86)\Intel\iCLS Client\;C:\Program Files\Intel\iCLS Client\;C:\Windows\system32;C:\Windows;C:\Windows\System32\Wbem;C:\Windows\System32\WindowsPowerShell\v1.0\;C:\Program Files\Intel\Intel(R) Management Engine Components\DAL;C:\Program Files\Intel\Intel(R) Management Engine Components\IPT;C:\Program Files (x86)\Intel\Intel(R) Management Engine Components\DAL;C:\Program Files (x86)\Intel\Intel(R) Management Engine Components\IPT;C:\Program Files (x86)\AMD\ATI.ACE\Core-Static;C:\Program Files\MATLAB\MATLAB Production Server\R2012b\runtime\win64;C:\Program Files\MATLAB\MATLAB Production Server\R2012b\bin
USERNAME=jzy
OS=Windows_NT
PROCESSOR_IDENTIFIER=Intel64 Family 6 Model 42 Stepping 7, GenuineIntel



---------------  S Y S T E M  ---------------

OS: Windows 7 Build 7601 Service Pack 1

CPU:total 8 (8 cores per cpu, 2 threads per core) family 6 model 42 stepping 7, cmov, cx8, fxsr, mmx, sse, sse2, sse3, ssse3, sse4.1, sse4.2, ht

Memory: 4k page, physical 16759064k(8634496k free), swap 33516288k(24493260k free)

vm_info: Java HotSpot(TM) 64-Bit Server VM (14.3-b01) for windows-amd64 JRE (1.6.0_17-b04), built on Oct 11 2009 00:46:08 by "java_re" with MS VC++ 8.0

time: Thu Nov 12 16:06:38 2015
elapsed time: 88770 seconds

